#
# A fatal error has been detected by the Java Runtime Environment:
#
#  SIGSEGV (0xb) at pc=0x00007ff812b5ce7f, pid=57186, tid=259
#
# JRE version: Java(TM) SE Runtime Environment (16.0+36) (build 16+36-2231)
# Java VM: Java HotSpot(TM) 64-Bit Server VM (16+36-2231, mixed mode, sharing, tiered, compressed oops, g1 gc, bsd-amd64)
# Problematic frame:
# C  [libobjc.A.dylib+0xbe7f]  objc_release+0x1f
#
# No core dump will be written. Core dumps have been disabled. To enable core dumping, try "ulimit -c unlimited" before starting Java again
#
# If you would like to submit a bug report, please visit:
#   https://bugreport.java.com/bugreport/crash.jsp
#

---------------  S U M M A R Y ------------

Command Line: -XX:TieredStopAtLevel=1 -Xverify:none -Dspring.output.ansi.enabled=always -javaagent:/Applications/IntelliJ IDEA.app/Contents/lib/idea_rt.jar=52635:/Applications/IntelliJ IDEA.app/Contents/bin -Dcom.sun.management.jmxremote -Dspring.jmx.enabled=true -Dspring.liveBeansView.mbeanDomain -Dspring.application.admin.enabled=true -Dfile.encoding=UTF-8 com.studygroup.StudyGroupProjectApplication

Host: MacBookPro17,1 x86_64 2400 MHz, 8 cores, 8G, Darwin 21.3.0, macOS 10.16 (21D62)
Time: Mon May 29 17:22:04 2023 KST elapsed time: 271.203972 seconds (0d 0h 4m 31s)

---------------  T H R E A D  ---------------

Current thread is native thread

Stack: [0x0000000305131000,0x0000000305931000],  sp=0x00000003059281a8,  free space=8156k
Native frames: (J=compiled Java code, A=aot compiled Java code, j=interpreted, Vv=VM code, C=native code)
C  [libobjc.A.dylib+0xbe7f]  objc_release+0x1f
C  [libobjc.A.dylib+0xd3a0]  objc_autoreleasePoolPop+0xa1
C  [CoreFoundation+0x41680]  _CFAutoreleasePoolPop+0x16
C  [Foundation+0x80b29]  __NSThreadPerformPerform+0xd9
C  [CoreFoundation+0x7fc08]  __CFRUNLOOP_IS_CALLING_OUT_TO_A_SOURCE0_PERFORM_FUNCTION__+0x11
C  [CoreFoundation+0x7fb70]  __CFRunLoopDoSource0+0xb4
C  [CoreFoundation+0x7f8e3]  __CFRunLoopDoSources0+0xf2
C  [CoreFoundation+0x7e2ff]  __CFRunLoopRun+0x381
C  [CoreFoundation+0x7d8a9]  CFRunLoopRunSpecific+0x237
C  [libjli.dylib+0x6d12]  CreateExecutionEnvironment+0x192
C  [libjli.dylib+0x2745]  JLI_Launch+0x5d5
C  [java+0xc16]  main+0x196
C  0x0000000200cd14fe


siginfo: si_signo: 11 (SIGSEGV), si_code: 1 (SEGV_MAPERR), si_addr: 0x0000000000000020

Registers:
RAX=0xd000000000000000, RBX=0x0000000000000001, RCX=0x0000000000000000, RDX=0x000000008f6d5259
RSP=0x00000003059281a8, RBP=0x00000003059281e0, RSI=0x0000600009f7a580, RDI=0x00007fa61c8bab60
R8 =0x0000000000002580, R9 =0x0000000000000010, R10=0x00000000000007fb, R11=0x0000000000000400
R12=0x00007fa61c8bab60, R13=0xa3a3a3a3a3a3a3a3, R14=0x00007fa61d809038, R15=0x00007fa61d809000
RIP=0x00007ff812b5ce7f, EFLAGS=0x0000000000000246, ERR=0x0000000000000004
  TRAPNO=0x000000000000000e

Top of Stack: (sp=0x00000003059281a8)
0x00000003059281a8:   00007ff812b6141f 337bcad6f20b0000
0x00000003059281b8:   00007fa61d809000 00007fa61d809038
0x00000003059281c8:   0000000000000000 0000600000710340
0x00000003059281d8:   0000000000000000 0000000305928200
0x00000003059281e8:   00007ff812b5e3a0 337bcad6f20b000d
0x00000003059281f8:   00007fa61d809038 0000000305928220
0x0000000305928208:   00007ff812d4e680 337bcad6f20b000d
0x0000000305928218:   0000600009f58bf0 0000000305928270
0x0000000305928228:   00007ff813b39b29 00007ff82d4c5301
0x0000000305928238:   00007ff82d517765 00006000008c0080
0x0000000305928248:   00006000028a8cc0 00007ff813b39a50
0x0000000305928258:   0000000000000000 0000600009f58bf0
0x0000000305928268:   0000000000000000 0000000305928280
0x0000000305928278:   00007ff812d8cc08 00000003059282b0
0x0000000305928288:   00007ff812d8cb70 00006000021cc000
0x0000000305928298:   00006000026c8000 00006000021cc000
0x00000003059282a8:   00000003059282e8 0000000305928320
0x00000003059282b8:   00007ff812d8c8e3 00006000026c8000
0x00000003059282c8:   0000000000000000 00006000026c8010
0x00000003059282d8:   00006000021cc010 0000000005928320
0x00000003059282e8:   00006000028a8cc0 337bcad6f20b000d
0x00000003059282f8:   0000000000000000 0000000000001603
0x0000000305928308:   0000000000000000 00006000021cc000
0x0000000305928318:   00006000026c8000 0000000305929060
0x0000000305928328:   00007ff812d8b2ff 0000000000000000
0x0000000305928338:   0000000000001703 00006000026c80b8
0x0000000305928348:   00007ff855889d70 41c5124c1644a1cf
0x0000000305928358:   0000000000001803 0000000000000000
0x0000000305928368:   00006000026c8010 00006000021cc010
0x0000000305928378:   ffffffffffffffff 4415af1d78b58c00
0x0000000305928388:   00001703544ad4e0 0000000000000000
0x0000000305928398:   00000000090d9060 0000000000001803 

Instructions: (pc=0x00007ff812b5ce7f)
0x00007ff812b5cd7f:   bd f3 93 41 48 89 4a 18 48 8b 0d ba f3 93 41 48
0x00007ff812b5cd8f:   89 4a 20 b9 05 00 00 00 48 89 df 48 89 c6 e8 fd
0x00007ff812b5cd9f:   a5 01 00 84 c0 75 23 66 f0 41 81 4e 1c 00 80 48
0x00007ff812b5cdaf:   8b 05 c3 8f e6 3f 48 8b 00 48 3b 45 e0 75 2c 48
0x00007ff812b5cdbf:   83 c4 48 5b 41 5e 41 5f 5d c3 31 c0 80 3d da 05
0x00007ff812b5cdcf:   94 41 00 74 da 0f b6 d0 4c 89 f7 be 02 00 00 00
0x00007ff812b5cddf:   e8 6a e8 01 00 eb c8 b0 01 eb e1 e8 d9 f2 01 00
0x00007ff812b5cdef:   90 90 e9 0a 00 00 00 90 90 90 90 90 90 90 90 90
0x00007ff812b5cdff:   90 40 f6 c7 01 75 4e 48 8b 07 a8 01 74 34 48 b9
0x00007ff812b5ce0f:   00 00 00 00 00 00 00 01 48 89 c2 48 c1 ea 37 74
0x00007ff812b5ce1f:   34 48 89 c2 48 01 ca 72 12 f0 48 0f b1 17 74 25
0x00007ff812b5ce2f:   a8 01 75 e4 31 f6 e9 3c d6 01 00 31 f6 e9 1b 87
0x00007ff812b5ce3f:   00 00 48 b9 f8 ff ff ff ff 7f 00 00 48 21 c8 f6
0x00007ff812b5ce4f:   40 1c 01 74 df 48 89 f8 c3 90 90 90 90 90 90 90
0x00007ff812b5ce5f:   90 48 85 ff 74 76 89 f8 83 e0 01 48 85 c0 75 6c
0x00007ff812b5ce6f:   48 8b 07 48 b9 f8 ff ff ff ff 7f 00 00 48 21 c1
0x00007ff812b5ce7f:   48 8b 51 20 f6 c2 04 74 54 a8 01 74 6f 48 b9 00
0x00007ff812b5ce8f:   00 00 00 00 00 80 00 48 ba 00 00 00 00 00 00 00
0x00007ff812b5ce9f:   01 48 39 c8 72 36 48 89 c6 48 29 d6 72 17 f0 48
0x00007ff812b5ceaf:   0f b1 37 74 22 a8 01 75 e8 31 f6 ba 01 00 00 00
0x00007ff812b5cebf:   e9 42 d2 01 00 48 85 c8 75 3a 48 8b 35 e8 f2 93
0x00007ff812b5cecf:   41 ff 25 c2 90 e6 3f 48 39 ce 72 ee c3 f6 c2 02
0x00007ff812b5cedf:   74 0d 66 83 79 1c 00 79 06 f6 41 28 02 75 1f 48
0x00007ff812b5ceef:   8b 35 e3 f1 93 41 ff 25 9d 90 e6 3f f6 41 1c 01
0x00007ff812b5ceff:   74 b7 eb d8 be 01 00 00 00 e9 05 a8 00 00 48 8b
0x00007ff812b5cf0f:   05 e4 a9 8f 41 ff e0 90 90 e9 04 00 00 00 90 90
0x00007ff812b5cf1f:   90 90 55 48 89 e5 53 50 48 89 fb f6 c3 01 75 21
0x00007ff812b5cf2f:   48 b8 07 00 00 00 00 00 a0 00 48 23 03 48 83 f8
0x00007ff812b5cf3f:   01 75 15 48 89 df 48 83 c4 08 5b 5d e9 4a f2 01
0x00007ff812b5cf4f:   00 48 83 c4 08 5b 5d c3 48 89 df e8 0a 00 00 00
0x00007ff812b5cf5f:   eb e1 90 90 90 90 90 90 90 90 55 48 89 e5 41 56
0x00007ff812b5cf6f:   53 48 89 fb 48 85 ff 74 78 4c 8b 33 41 f6 c6 01 



---------------  P R O C E S S  ---------------

VM state: not at safepoint (normal execution)

VM Mutex/Monitor currently owned by a thread: None

Heap address: 0x0000000780000000, size: 2048 MB, Compressed Oops mode: Zero based, Oop shift amount: 3
CDS archive(s) mapped at: [0x0000000800000000-0x0000000800bba000-0x0000000800bba000), size 12296192, SharedBaseAddress: 0x0000000800000000, ArchiveRelocationMode: 0.
Compressed class space mapped at: 0x0000000800c00000-0x0000000840c00000, reserved size: 1073741824
Narrow klass base: 0x0000000800000000, Narrow klass shift: 3, Narrow klass range: 0x100000000

GC Precious Log:
<Skipped>

Heap:
 garbage-first heap   total 123904K, used 59743K [0x0000000780000000, 0x0000000800000000)
  region size 1024K, 5 young (5120K), 2 survivors (2048K)
 Metaspace       used 74111K, committed 74688K, reserved 1114112K
  class space    used 10223K, committed 10496K, reserved 1048576K

Heap Regions: E=young(eden), S=young(survivor), O=old, HS=humongous(starts), HC=humongous(continues), CS=collection set, F=free, OA=open archive, CA=closed archive, TAMS=top-at-mark-start (previous, next)
|   0|0x0000000780000000, 0x0000000780100000, 0x0000000780100000|100%|HS|  |TAMS 0x0000000780100000, 0x0000000780000000| Complete 
|   1|0x0000000780100000, 0x0000000780200000, 0x0000000780200000|100%| O|  |TAMS 0x0000000780200000, 0x0000000780100000| Untracked 
|   2|0x0000000780200000, 0x0000000780300000, 0x0000000780300000|100%| O|  |TAMS 0x0000000780300000, 0x0000000780200000| Untracked 
|   3|0x0000000780300000, 0x0000000780400000, 0x0000000780400000|100%| O|  |TAMS 0x0000000780400000, 0x0000000780300000| Untracked 
|   4|0x0000000780400000, 0x0000000780500000, 0x0000000780500000|100%| O|  |TAMS 0x0000000780500000, 0x0000000780400000| Untracked 
|   5|0x0000000780500000, 0x0000000780600000, 0x0000000780600000|100%| O|  |TAMS 0x0000000780600000, 0x0000000780500000| Untracked 
|   6|0x0000000780600000, 0x0000000780700000, 0x0000000780700000|100%| O|  |TAMS 0x0000000780700000, 0x0000000780600000| Untracked 
|   7|0x0000000780700000, 0x0000000780800000, 0x0000000780800000|100%| O|  |TAMS 0x0000000780800000, 0x0000000780700000| Untracked 
|   8|0x0000000780800000, 0x00000007808e6c00, 0x0000000780900000| 90%| O|  |TAMS 0x00000007808e6c00, 0x0000000780800000| Complete 
|   9|0x0000000780900000, 0x0000000780a00000, 0x0000000780a00000|100%| O|  |TAMS 0x0000000780a00000, 0x0000000780900000| Untracked 
|  10|0x0000000780a00000, 0x0000000780b00000, 0x0000000780b00000|100%| O|  |TAMS 0x0000000780b00000, 0x0000000780a00000| Complete 
|  11|0x0000000780b00000, 0x0000000780c00000, 0x0000000780c00000|100%| O|  |TAMS 0x0000000780c00000, 0x0000000780b00000| Complete 
|  12|0x0000000780c00000, 0x0000000780d00000, 0x0000000780d00000|100%| O|  |TAMS 0x0000000780d00000, 0x0000000780c00000| Untracked 
|  13|0x0000000780d00000, 0x0000000780e00000, 0x0000000780e00000|100%| O|  |TAMS 0x0000000780e00000, 0x0000000780d00000| Complete 
|  14|0x0000000780e00000, 0x0000000780f00000, 0x0000000780f00000|100%| O|  |TAMS 0x0000000780f00000, 0x0000000780e00000| Complete 
|  15|0x0000000780f00000, 0x0000000781000000, 0x0000000781000000|100%| O|  |TAMS 0x0000000781000000, 0x0000000780f00000| Complete 
|  16|0x0000000781000000, 0x0000000781100000, 0x0000000781100000|100%| O|  |TAMS 0x0000000781100000, 0x0000000781000000| Complete 
|  17|0x0000000781100000, 0x0000000781200000, 0x0000000781200000|100%| O|  |TAMS 0x0000000781200000, 0x0000000781100000| Complete 
|  18|0x0000000781200000, 0x0000000781300000, 0x0000000781300000|100%| O|  |TAMS 0x0000000781300000, 0x0000000781200000| Complete 
|  19|0x0000000781300000, 0x0000000781400000, 0x0000000781400000|100%| O|  |TAMS 0x0000000781400000, 0x0000000781300000| Complete 
|  20|0x0000000781400000, 0x0000000781500000, 0x0000000781500000|100%| O|  |TAMS 0x0000000781500000, 0x0000000781400000| Complete 
|  21|0x0000000781500000, 0x0000000781600000, 0x0000000781600000|100%| O|  |TAMS 0x0000000781600000, 0x0000000781500000| Untracked 
|  22|0x0000000781600000, 0x0000000781700000, 0x0000000781700000|100%| O|  |TAMS 0x0000000781700000, 0x0000000781600000| Untracked 
|  23|0x0000000781700000, 0x0000000781800000, 0x0000000781800000|100%| O|  |TAMS 0x0000000781800000, 0x0000000781700000| Untracked 
|  24|0x0000000781800000, 0x0000000781900000, 0x0000000781900000|100%| O|  |TAMS 0x0000000781900000, 0x0000000781800000| Untracked 
|  25|0x0000000781900000, 0x0000000781a00000, 0x0000000781a00000|100%| O|  |TAMS 0x0000000781a00000, 0x0000000781900000| Untracked 
|  26|0x0000000781a00000, 0x0000000781b00000, 0x0000000781b00000|100%| O|  |TAMS 0x0000000781b00000, 0x0000000781a00000| Untracked 
|  27|0x0000000781b00000, 0x0000000781c00000, 0x0000000781c00000|100%| O|  |TAMS 0x0000000781c00000, 0x0000000781b00000| Untracked 
|  28|0x0000000781c00000, 0x0000000781d00000, 0x0000000781d00000|100%| O|  |TAMS 0x0000000781d00000, 0x0000000781c00000| Untracked 
|  29|0x0000000781d00000, 0x0000000781e00000, 0x0000000781e00000|100%| O|  |TAMS 0x0000000781e00000, 0x0000000781d00000| Complete 
|  30|0x0000000781e00000, 0x0000000781f00000, 0x0000000781f00000|100%| O|  |TAMS 0x0000000781f00000, 0x0000000781e00000| Complete 
|  31|0x0000000781f00000, 0x0000000782000000, 0x0000000782000000|100%| O|  |TAMS 0x0000000782000000, 0x0000000781f00000| Untracked 
|  32|0x0000000782000000, 0x0000000782100000, 0x0000000782100000|100%| O|  |TAMS 0x0000000782100000, 0x0000000782000000| Complete 
|  33|0x0000000782100000, 0x0000000782200000, 0x0000000782200000|100%| O|  |TAMS 0x0000000782200000, 0x0000000782100000| Untracked 
|  34|0x0000000782200000, 0x0000000782300000, 0x0000000782300000|100%| O|  |TAMS 0x0000000782300000, 0x0000000782200000| Untracked 
|  35|0x0000000782300000, 0x0000000782400000, 0x0000000782400000|100%| O|  |TAMS 0x0000000782400000, 0x0000000782300000| Untracked 
|  36|0x0000000782400000, 0x0000000782500000, 0x0000000782500000|100%| O|  |TAMS 0x0000000782500000, 0x0000000782400000| Complete 
|  37|0x0000000782500000, 0x0000000782600000, 0x0000000782600000|100%| O|  |TAMS 0x0000000782600000, 0x0000000782500000| Complete 
|  38|0x0000000782600000, 0x0000000782700000, 0x0000000782700000|100%| O|  |TAMS 0x0000000782700000, 0x0000000782600000| Untracked 
|  39|0x0000000782700000, 0x0000000782700000, 0x0000000782800000|  0%| F|  |TAMS 0x0000000782700000, 0x0000000782700000| Untracked 
|  40|0x0000000782800000, 0x0000000782800000, 0x0000000782900000|  0%| F|  |TAMS 0x0000000782800000, 0x0000000782800000| Untracked 
|  41|0x0000000782900000, 0x0000000782900000, 0x0000000782a00000|  0%| F|  |TAMS 0x0000000782900000, 0x0000000782900000| Untracked 
|  42|0x0000000782a00000, 0x0000000782a00000, 0x0000000782b00000|  0%| F|  |TAMS 0x0000000782a00000, 0x0000000782a00000| Untracked 
|  43|0x0000000782b00000, 0x0000000782b00000, 0x0000000782c00000|  0%| F|  |TAMS 0x0000000782b00000, 0x0000000782b00000| Untracked 
|  44|0x0000000782c00000, 0x0000000782c00000, 0x0000000782d00000|  0%| F|  |TAMS 0x0000000782c00000, 0x0000000782c00000| Untracked 
|  45|0x0000000782d00000, 0x0000000782d00000, 0x0000000782e00000|  0%| F|  |TAMS 0x0000000782d00000, 0x0000000782d00000| Untracked 
|  46|0x0000000782e00000, 0x0000000782f00000, 0x0000000782f00000|100%| O|  |TAMS 0x0000000782f00000, 0x0000000782e00000| Complete 
|  47|0x0000000782f00000, 0x0000000782f00000, 0x0000000783000000|  0%| F|  |TAMS 0x0000000782f00000, 0x0000000782f00000| Untracked 
|  48|0x0000000783000000, 0x0000000783000000, 0x0000000783100000|  0%| F|  |TAMS 0x0000000783000000, 0x0000000783000000| Untracked 
|  49|0x0000000783100000, 0x0000000783200000, 0x0000000783200000|100%| O|  |TAMS 0x0000000783200000, 0x0000000783100000| Complete 
|  50|0x0000000783200000, 0x0000000783200000, 0x0000000783300000|  0%| F|  |TAMS 0x0000000783200000, 0x0000000783200000| Untracked 
|  51|0x0000000783300000, 0x0000000783300000, 0x0000000783400000|  0%| F|  |TAMS 0x0000000783300000, 0x0000000783300000| Untracked 
|  52|0x0000000783400000, 0x0000000783400000, 0x0000000783500000|  0%| F|  |TAMS 0x0000000783400000, 0x0000000783400000| Untracked 
|  53|0x0000000783500000, 0x0000000783500000, 0x0000000783600000|  0%| F|  |TAMS 0x0000000783500000, 0x0000000783500000| Untracked 
|  54|0x0000000783600000, 0x0000000783600000, 0x0000000783700000|  0%| F|  |TAMS 0x0000000783600000, 0x0000000783600000| Untracked 
|  55|0x0000000783700000, 0x0000000783700000, 0x0000000783800000|  0%| F|  |TAMS 0x0000000783700000, 0x0000000783700000| Untracked 
|  56|0x0000000783800000, 0x0000000783800000, 0x0000000783900000|  0%| F|  |TAMS 0x0000000783800000, 0x0000000783800000| Untracked 
|  57|0x0000000783900000, 0x0000000783a00000, 0x0000000783a00000|100%| O|  |TAMS 0x0000000783a00000, 0x0000000783900000| Complete 
|  58|0x0000000783a00000, 0x0000000783b00000, 0x0000000783b00000|100%| O|  |TAMS 0x0000000783b00000, 0x0000000783a00000| Complete 
|  59|0x0000000783b00000, 0x0000000783c00000, 0x0000000783c00000|100%| O|  |TAMS 0x0000000783c00000, 0x0000000783b00000| Complete 
|  60|0x0000000783c00000, 0x0000000783d00000, 0x0000000783d00000|100%| O|  |TAMS 0x0000000783d00000, 0x0000000783c00000| Complete 
|  61|0x0000000783d00000, 0x0000000783e00000, 0x0000000783e00000|100%| O|  |TAMS 0x0000000783e00000, 0x0000000783d00000| Complete 
|  62|0x0000000783e00000, 0x0000000783f00000, 0x0000000783f00000|100%| O|  |TAMS 0x0000000783f00000, 0x0000000783e00000| Complete 
|  63|0x0000000783f00000, 0x0000000784000000, 0x0000000784000000|100%| O|  |TAMS 0x0000000784000000, 0x0000000783f00000| Complete 
|  64|0x0000000784000000, 0x0000000784100000, 0x0000000784100000|100%| O|  |TAMS 0x0000000784100000, 0x0000000784000000| Complete 
|  65|0x0000000784100000, 0x0000000784200000, 0x0000000784200000|100%| O|  |TAMS 0x0000000784200000, 0x0000000784100000| Complete 
|  66|0x0000000784200000, 0x0000000784300000, 0x0000000784300000|100%| O|  |TAMS 0x0000000784300000, 0x0000000784200000| Complete 
|  67|0x0000000784300000, 0x0000000784400000, 0x0000000784400000|100%| O|  |TAMS 0x0000000784400000, 0x0000000784300000| Complete 
|  68|0x0000000784400000, 0x0000000784500000, 0x0000000784500000|100%| O|  |TAMS 0x0000000784500000, 0x0000000784400000| Complete 
|  69|0x0000000784500000, 0x0000000784585600, 0x0000000784600000| 52%| O|  |TAMS 0x0000000784585600, 0x0000000784500000| Untracked 
|  70|0x0000000784600000, 0x0000000784600000, 0x0000000784700000|  0%| F|  |TAMS 0x0000000784600000, 0x0000000784600000| Untracked 
|  71|0x0000000784700000, 0x0000000784700000, 0x0000000784800000|  0%| F|  |TAMS 0x0000000784700000, 0x0000000784700000| Untracked 
|  72|0x0000000784800000, 0x0000000784800000, 0x0000000784900000|  0%| F|  |TAMS 0x0000000784800000, 0x0000000784800000| Untracked 
|  73|0x0000000784900000, 0x0000000784900000, 0x0000000784a00000|  0%| F|  |TAMS 0x0000000784900000, 0x0000000784900000| Untracked 
|  74|0x0000000784a00000, 0x0000000784a00000, 0x0000000784b00000|  0%| F|  |TAMS 0x0000000784a00000, 0x0000000784a00000| Untracked 
|  75|0x0000000784b00000, 0x0000000784b00000, 0x0000000784c00000|  0%| F|  |TAMS 0x0000000784b00000, 0x0000000784b00000| Untracked 
|  76|0x0000000784c00000, 0x0000000784c00000, 0x0000000784d00000|  0%| F|  |TAMS 0x0000000784c00000, 0x0000000784c00000| Untracked 
|  77|0x0000000784d00000, 0x0000000784d00000, 0x0000000784e00000|  0%| F|  |TAMS 0x0000000784d00000, 0x0000000784d00000| Untracked 
|  78|0x0000000784e00000, 0x0000000784e00000, 0x0000000784f00000|  0%| F|  |TAMS 0x0000000784e00000, 0x0000000784e00000| Untracked 
|  79|0x0000000784f00000, 0x0000000784f00000, 0x0000000785000000|  0%| F|  |TAMS 0x0000000784f00000, 0x0000000784f00000| Untracked 
|  80|0x0000000785000000, 0x0000000785000000, 0x0000000785100000|  0%| F|  |TAMS 0x0000000785000000, 0x0000000785000000| Untracked 
|  81|0x0000000785100000, 0x0000000785100000, 0x0000000785200000|  0%| F|  |TAMS 0x0000000785100000, 0x0000000785100000| Untracked 
|  82|0x0000000785200000, 0x0000000785200000, 0x0000000785300000|  0%| F|  |TAMS 0x0000000785200000, 0x0000000785200000| Untracked 
|  83|0x0000000785300000, 0x0000000785300000, 0x0000000785400000|  0%| F|  |TAMS 0x0000000785300000, 0x0000000785300000| Untracked 
|  84|0x0000000785400000, 0x0000000785400000, 0x0000000785500000|  0%| F|  |TAMS 0x0000000785400000, 0x0000000785400000| Untracked 
|  85|0x0000000785500000, 0x0000000785500000, 0x0000000785600000|  0%| F|  |TAMS 0x0000000785500000, 0x0000000785500000| Untracked 
|  86|0x0000000785600000, 0x0000000785600000, 0x0000000785700000|  0%| F|  |TAMS 0x0000000785600000, 0x0000000785600000| Untracked 
|  87|0x0000000785700000, 0x0000000785700000, 0x0000000785800000|  0%| F|  |TAMS 0x0000000785700000, 0x0000000785700000| Untracked 
|  88|0x0000000785800000, 0x0000000785800000, 0x0000000785900000|  0%| F|  |TAMS 0x0000000785800000, 0x0000000785800000| Untracked 
|  89|0x0000000785900000, 0x0000000785900000, 0x0000000785a00000|  0%| F|  |TAMS 0x0000000785900000, 0x0000000785900000| Untracked 
|  90|0x0000000785a00000, 0x0000000785a00000, 0x0000000785b00000|  0%| F|  |TAMS 0x0000000785a00000, 0x0000000785a00000| Untracked 
|  91|0x0000000785b00000, 0x0000000785b00000, 0x0000000785c00000|  0%| F|  |TAMS 0x0000000785b00000, 0x0000000785b00000| Untracked 
|  92|0x0000000785c00000, 0x0000000785c00000, 0x0000000785d00000|  0%| F|  |TAMS 0x0000000785c00000, 0x0000000785c00000| Untracked 
|  93|0x0000000785d00000, 0x0000000785d00000, 0x0000000785e00000|  0%| F|  |TAMS 0x0000000785d00000, 0x0000000785d00000| Untracked 
|  94|0x0000000785e00000, 0x0000000785e00000, 0x0000000785f00000|  0%| F|  |TAMS 0x0000000785e00000, 0x0000000785e00000| Untracked 
|  95|0x0000000785f00000, 0x0000000785f00000, 0x0000000786000000|  0%| F|  |TAMS 0x0000000785f00000, 0x0000000785f00000| Untracked 
|  96|0x0000000786000000, 0x0000000786000000, 0x0000000786100000|  0%| F|  |TAMS 0x0000000786000000, 0x0000000786000000| Untracked 
|  97|0x0000000786100000, 0x0000000786100000, 0x0000000786200000|  0%| F|  |TAMS 0x0000000786100000, 0x0000000786100000| Untracked 
|  98|0x0000000786200000, 0x0000000786200000, 0x0000000786300000|  0%| F|  |TAMS 0x0000000786200000, 0x0000000786200000| Untracked 
|  99|0x0000000786300000, 0x0000000786300000, 0x0000000786400000|  0%| F|  |TAMS 0x0000000786300000, 0x0000000786300000| Untracked 
| 100|0x0000000786400000, 0x0000000786400000, 0x0000000786500000|  0%| F|  |TAMS 0x0000000786400000, 0x0000000786400000| Untracked 
| 101|0x0000000786500000, 0x0000000786500000, 0x0000000786600000|  0%| F|  |TAMS 0x0000000786500000, 0x0000000786500000| Untracked 
| 102|0x0000000786600000, 0x0000000786600000, 0x0000000786700000|  0%| F|  |TAMS 0x0000000786600000, 0x0000000786600000| Untracked 
| 103|0x0000000786700000, 0x0000000786700000, 0x0000000786800000|  0%| F|  |TAMS 0x0000000786700000, 0x0000000786700000| Untracked 
| 104|0x0000000786800000, 0x0000000786800000, 0x0000000786900000|  0%| F|  |TAMS 0x0000000786800000, 0x0000000786800000| Untracked 
| 105|0x0000000786900000, 0x0000000786900000, 0x0000000786a00000|  0%| F|  |TAMS 0x0000000786900000, 0x0000000786900000| Untracked 
| 106|0x0000000786a00000, 0x0000000786a00000, 0x0000000786b00000|  0%| F|  |TAMS 0x0000000786a00000, 0x0000000786a00000| Untracked 
| 107|0x0000000786b00000, 0x0000000786b00000, 0x0000000786c00000|  0%| F|  |TAMS 0x0000000786b00000, 0x0000000786b00000| Untracked 
| 108|0x0000000786c00000, 0x0000000786c00000, 0x0000000786d00000|  0%| F|  |TAMS 0x0000000786c00000, 0x0000000786c00000| Untracked 
| 109|0x0000000786d00000, 0x0000000786d00000, 0x0000000786e00000|  0%| F|  |TAMS 0x0000000786d00000, 0x0000000786d00000| Untracked 
| 110|0x0000000786e00000, 0x0000000786e00000, 0x0000000786f00000|  0%| F|  |TAMS 0x0000000786e00000, 0x0000000786e00000| Untracked 
| 111|0x0000000786f00000, 0x0000000786f00000, 0x0000000787000000|  0%| F|  |TAMS 0x0000000786f00000, 0x0000000786f00000| Untracked 
| 112|0x0000000787000000, 0x0000000787000000, 0x0000000787100000|  0%| F|  |TAMS 0x0000000787000000, 0x0000000787000000| Untracked 
| 113|0x0000000787100000, 0x0000000787100000, 0x0000000787200000|  0%| F|  |TAMS 0x0000000787100000, 0x0000000787100000| Untracked 
| 114|0x0000000787200000, 0x0000000787229308, 0x0000000787300000| 16%| E|  |TAMS 0x0000000787200000, 0x0000000787200000| Complete 
| 115|0x0000000787300000, 0x0000000787400000, 0x0000000787400000|100%| E|CS|TAMS 0x0000000787300000, 0x0000000787300000| Complete 
| 116|0x0000000787400000, 0x0000000787500000, 0x0000000787500000|100%| S|CS|TAMS 0x0000000787400000, 0x0000000787400000| Complete 
| 117|0x0000000787500000, 0x00000007875d0830, 0x0000000787600000| 81%| S|CS|TAMS 0x0000000787500000, 0x0000000787500000| Complete 
| 127|0x0000000787f00000, 0x0000000788000000, 0x0000000788000000|100%| E|CS|TAMS 0x0000000787f00000, 0x0000000787f00000| Complete 
|1022|0x00000007bfe00000, 0x00000007bfe75000, 0x00000007bff00000| 45%|OA|  |TAMS 0x00000007bfe75000, 0x00000007bfe00000| Untracked 
|1023|0x00000007bff00000, 0x00000007bff7d000, 0x00000007c0000000| 48%|CA|  |TAMS 0x00000007bff7d000, 0x00000007bff00000| Untracked 

Card table byte_map: [0x000000010996e000,0x0000000109d6e000] _byte_map_base: 0x0000000105d6e000

Marking Bits (Prev, Next): (CMBitMap*) 0x00007fa61d838c50, (CMBitMap*) 0x00007fa61d838c10
 Prev Bits: [0x000000012510a000, 0x000000012710a000)
 Next Bits: [0x000000012310a000, 0x000000012510a000)

Polling page: 0x0000000100bc0000

Metaspace:

Usage:
  Non-class:     62.39 MB used.
      Class:      9.98 MB used.
       Both:     72.37 MB used.

Virtual space:
  Non-class space:       64.00 MB reserved,      62.69 MB ( 98%) committed,  8 nodes.
      Class space:        1.00 GB reserved,      10.25 MB (  1%) committed,  1 nodes.
              Both:        1.06 GB reserved,      72.94 MB (  7%) committed. 

Chunk freelists:
   Non-Class:  416.00 KB
       Class:  1.64 MB
        Both:  2.05 MB

MaxMetaspaceSize: 17179869184.00 GB
CompressedClassSpaceSize: 1.00 GB
 - commit_granule_bytes: 65536.
 - commit_granule_words: 8192.
 - virtual_space_node_default_size: 1048576.
 - enlarge_chunks_in_place: 1.
 - new_chunks_are_fully_committed: 0.
 - uncommit_free_chunks: 1.
 - use_allocation_guard: 0.
 - handle_deallocations: 1.


Internal statistics:

num_allocs_failed_limit: 9.
num_arena_births: 754.
num_arena_deaths: 2.
num_vsnodes_births: 9.
num_vsnodes_deaths: 0.
num_space_committed: 1167.
num_space_uncommitted: 0.
num_chunks_returned_to_freelist: 12.
num_chunks_taken_from_freelist: 3354.
num_chunk_merges: 9.
num_chunk_splits: 2307.
num_chunks_enlarged: 1732.
num_purges: 2.

CodeHeap 'non-profiled nmethods': size=238384Kb used=13527Kb max_used=13527Kb free=224856Kb
 bounds [0x000000011483e000, 0x000000011557e000, 0x000000012310a000]
CodeHeap 'non-nmethods': size=7376Kb used=1519Kb max_used=1519Kb free=5856Kb
 bounds [0x000000011410a000, 0x000000011437a000, 0x000000011483e000]
 total_blobs=8940 nmethods=8030 adapters=838
 compilation: enabled
              stopped_count=0, restarted_count=0
 full_count=0

Compilation events (20 events):
Event: 271.156 Thread 0x00007fa61c013e00 8021       1       java.io.Writer::write (11 bytes)
Event: 271.156 Thread 0x00007fa61c013e00 nmethod 8021 0x0000000115571590 code [0x0000000115571740, 0x0000000115571840]
Event: 271.156 Thread 0x00007fa61c013e00 8023       1       java.io.PrintStream::ensureOpen (18 bytes)
Event: 271.156 Thread 0x00007fa61c013e00 nmethod 8023 0x0000000115571910 code [0x0000000115571ac0, 0x0000000115571c40]
Event: 271.183 Thread 0x00007fa61c013e00 8024       1       org.springframework.util.MimeType::getType (5 bytes)
Event: 271.184 Thread 0x00007fa61c013e00 nmethod 8024 0x0000000115571d10 code [0x0000000115571ea0, 0x0000000115571f70]
Event: 271.184 Thread 0x00007fa61c013e00 8025       1       org.springframework.util.MimeType::getSubtype (5 bytes)
Event: 271.184 Thread 0x00007fa61c013e00 nmethod 8025 0x0000000115572010 code [0x00000001155721a0, 0x0000000115572270]
Event: 271.186 Thread 0x00007fa61c013e00 8026   !   1       java.io.StringReader::read (52 bytes)
Event: 271.187 Thread 0x00007fa61c013e00 nmethod 8026 0x0000000115572310 code [0x0000000115572500, 0x0000000115572980]
Event: 271.187 Thread 0x00007fa61c013e00 8027   !   1       org.apache.tomcat.util.http.parser.HttpParser::isToken (9 bytes)
Event: 271.187 Thread 0x00007fa61c013e00 nmethod 8027 0x0000000115572d90 code [0x0000000115572f40, 0x0000000115573050]
Event: 271.187 Thread 0x00007fa61c013e00 8028       1       javax.servlet.ServletResponseWrapper::getResponse (5 bytes)
Event: 271.187 Thread 0x00007fa61c013e00 nmethod 8028 0x0000000115573190 code [0x0000000115573320, 0x00000001155733f0]
Event: 271.187 Thread 0x00007fa61c013e00 8029       1       org.apache.catalina.connector.Response::getCoyoteResponse (5 bytes)
Event: 271.187 Thread 0x00007fa61c013e00 nmethod 8029 0x0000000115573490 code [0x0000000115573620, 0x00000001155736f0]
Event: 271.189 Thread 0x00007fa61c013e00 8030       1       org.apache.tomcat.util.buf.AbstractChunk::<init> (20 bytes)
Event: 271.189 Thread 0x00007fa61c013e00 nmethod 8030 0x0000000115573790 code [0x0000000115573920, 0x00000001155739f0]
Event: 271.194 Thread 0x00007fa61c013e00 8031       1       org.apache.tomcat.util.buf.AbstractChunk::recycle (21 bytes)
Event: 271.195 Thread 0x00007fa61c013e00 nmethod 8031 0x0000000115573a90 code [0x0000000115573c20, 0x0000000115573cf0]

GC Heap History (20 events):
Event: 6.373 GC heap before
{Heap before GC invocations=18 (full 0):
 garbage-first heap   total 84992K, used 68033K [0x0000000780000000, 0x0000000800000000)
  region size 1024K, 38 young (38912K), 4 survivors (4096K)
 Metaspace       used 58866K, committed 59328K, reserved 1105920K
  class space    used 8211K, committed 8448K, reserved 1048576K
}
Event: 6.376 GC heap after
{Heap after GC invocations=19 (full 0):
 garbage-first heap   total 84992K, used 35067K [0x0000000780000000, 0x0000000800000000)
  region size 1024K, 4 young (4096K), 4 survivors (4096K)
 Metaspace       used 58866K, committed 59328K, reserved 1105920K
  class space    used 8211K, committed 8448K, reserved 1048576K
}
Event: 6.534 GC heap before
{Heap before GC invocations=19 (full 0):
 garbage-first heap   total 84992K, used 58619K [0x0000000780000000, 0x0000000800000000)
  region size 1024K, 28 young (28672K), 4 survivors (4096K)
 Metaspace       used 59209K, committed 59648K, reserved 1105920K
  class space    used 8251K, committed 8512K, reserved 1048576K
}
Event: 6.537 GC heap after
{Heap after GC invocations=20 (full 0):
 garbage-first heap   total 121856K, used 35745K [0x0000000780000000, 0x0000000800000000)
  region size 1024K, 3 young (3072K), 3 survivors (3072K)
 Metaspace       used 59209K, committed 59648K, reserved 1105920K
  class space    used 8251K, committed 8512K, reserved 1048576K
}
Event: 7.434 GC heap before
{Heap before GC invocations=21 (full 0):
 garbage-first heap   total 121856K, used 97185K [0x0000000780000000, 0x0000000800000000)
  region size 1024K, 63 young (64512K), 3 survivors (3072K)
 Metaspace       used 63174K, committed 63680K, reserved 1105920K
  class space    used 8867K, committed 9088K, reserved 1048576K
}
Event: 7.443 GC heap after
{Heap after GC invocations=22 (full 0):
 garbage-first heap   total 121856K, used 39901K [0x0000000780000000, 0x0000000800000000)
  region size 1024K, 7 young (7168K), 7 survivors (7168K)
 Metaspace       used 63174K, committed 63680K, reserved 1105920K
  class space    used 8867K, committed 9088K, reserved 1048576K
}
Event: 8.062 GC heap before
{Heap before GC invocations=22 (full 0):
 garbage-first heap   total 121856K, used 97245K [0x0000000780000000, 0x0000000800000000)
  region size 1024K, 63 young (64512K), 7 survivors (7168K)
 Metaspace       used 64082K, committed 64576K, reserved 1105920K
  class space    used 8967K, committed 9216K, reserved 1048576K
}
Event: 8.070 GC heap after
{Heap after GC invocations=23 (full 0):
 garbage-first heap   total 121856K, used 53046K [0x0000000780000000, 0x0000000800000000)
  region size 1024K, 8 young (8192K), 8 survivors (8192K)
 Metaspace       used 64082K, committed 64576K, reserved 1105920K
  class space    used 8967K, committed 9216K, reserved 1048576K
}
Event: 8.566 GC heap before
{Heap before GC invocations=23 (full 0):
 garbage-first heap   total 121856K, used 91958K [0x0000000780000000, 0x0000000800000000)
  region size 1024K, 46 young (47104K), 8 survivors (8192K)
 Metaspace       used 64158K, committed 64640K, reserved 1105920K
  class space    used 8978K, committed 9216K, reserved 1048576K
}
Event: 8.571 GC heap after
{Heap after GC invocations=24 (full 0):
 garbage-first heap   total 121856K, used 60089K [0x0000000780000000, 0x0000000800000000)
  region size 1024K, 6 young (6144K), 6 survivors (6144K)
 Metaspace       used 64158K, committed 64640K, reserved 1105920K
  class space    used 8978K, committed 9216K, reserved 1048576K
}
Event: 8.919 GC heap before
{Heap before GC invocations=24 (full 0):
 garbage-first heap   total 121856K, used 91833K [0x0000000780000000, 0x0000000800000000)
  region size 1024K, 38 young (38912K), 6 survivors (6144K)
 Metaspace       used 64769K, committed 65216K, reserved 1105920K
  class space    used 9066K, committed 9280K, reserved 1048576K
}
Event: 8.924 GC heap after
{Heap after GC invocations=25 (full 0):
 garbage-first heap   total 121856K, used 66219K [0x0000000780000000, 0x0000000800000000)
  region size 1024K, 5 young (5120K), 5 survivors (5120K)
 Metaspace       used 64769K, committed 65216K, reserved 1105920K
  class space    used 9066K, committed 9280K, reserved 1048576K
}
Event: 9.407 GC heap before
{Heap before GC invocations=26 (full 0):
 garbage-first heap   total 121856K, used 92843K [0x0000000780000000, 0x0000000800000000)
  region size 1024K, 31 young (31744K), 5 survivors (5120K)
 Metaspace       used 67052K, committed 67584K, reserved 1114112K
  class space    used 9407K, committed 9664K, reserved 1048576K
}
Event: 9.411 GC heap after
{Heap after GC invocations=27 (full 0):
 garbage-first heap   total 121856K, used 69817K [0x0000000780000000, 0x0000000800000000)
  region size 1024K, 3 young (3072K), 3 survivors (3072K)
 Metaspace       used 67052K, committed 67584K, reserved 1114112K
  class space    used 9407K, committed 9664K, reserved 1048576K
}
Event: 9.443 GC heap before
{Heap before GC invocations=27 (full 0):
 garbage-first heap   total 121856K, used 70841K [0x0000000780000000, 0x0000000800000000)
  region size 1024K, 5 young (5120K), 3 survivors (3072K)
 Metaspace       used 67543K, committed 68032K, reserved 1114112K
  class space    used 9480K, committed 9728K, reserved 1048576K
}
Event: 9.450 GC heap after
{Heap after GC invocations=28 (full 0):
 garbage-first heap   total 121856K, used 60367K [0x0000000780000000, 0x0000000800000000)
  region size 1024K, 1 young (1024K), 1 survivors (1024K)
 Metaspace       used 67543K, committed 68032K, reserved 1114112K
  class space    used 9480K, committed 9728K, reserved 1048576K
}
Event: 134.333 GC heap before
{Heap before GC invocations=28 (full 0):
 garbage-first heap   total 121856K, used 83919K [0x0000000780000000, 0x0000000800000000)
  region size 1024K, 26 young (26624K), 1 survivors (1024K)
 Metaspace       used 72108K, committed 72640K, reserved 1114112K
  class space    used 10005K, committed 10304K, reserved 1048576K
}
Event: 134.373 GC heap after
{Heap after GC invocations=29 (full 0):
 garbage-first heap   total 121856K, used 61361K [0x0000000780000000, 0x0000000800000000)
  region size 1024K, 2 young (2048K), 2 survivors (2048K)
 Metaspace       used 72108K, committed 72640K, reserved 1114112K
  class space    used 10005K, committed 10304K, reserved 1048576K
}
Event: 269.693 GC heap before
{Heap before GC invocations=30 (full 0):
 garbage-first heap   total 121856K, used 118705K [0x0000000780000000, 0x0000000800000000)
  region size 1024K, 27 young (27648K), 2 survivors (2048K)
 Metaspace       used 74078K, committed 74560K, reserved 1114112K
  class space    used 10218K, committed 10432K, reserved 1048576K
}
Event: 269.744 GC heap after
{Heap after GC invocations=31 (full 0):
 garbage-first heap   total 123904K, used 57530K [0x0000000780000000, 0x0000000800000000)
  region size 1024K, 2 young (2048K), 2 survivors (2048K)
 Metaspace       used 74078K, committed 74560K, reserved 1114112K
  class space    used 10218K, committed 10432K, reserved 1048576K
}

Deoptimization events (10 events):
Event: 2.476 Thread 0x00007fa61d9d7800 DEOPT PACKING pc=0x0000000114c6f19c sp=0x000000030740a6e0
Event: 2.476 Thread 0x00007fa61d9d7800 DEOPT UNPACKING pc=0x0000000114157b9b sp=0x0000000307409ba0 mode 0
Event: 3.021 Thread 0x00007fa61d9d7800 DEOPT PACKING pc=0x0000000114b4bb34 sp=0x0000000307409e80
Event: 3.021 Thread 0x00007fa61d9d7800 DEOPT UNPACKING pc=0x0000000114157b9b sp=0x00000003074093f8 mode 0
Event: 4.143 Thread 0x00007fa61d9d7800 DEOPT PACKING pc=0x0000000114b3c781 sp=0x000000030740a980
Event: 4.143 Thread 0x00007fa61d9d7800 DEOPT UNPACKING pc=0x0000000114157b9b sp=0x0000000307409e30 mode 3
Event: 4.144 Thread 0x00007fa61da71200 DEOPT PACKING pc=0x0000000114ae1c16 sp=0x0000000307e296b0
Event: 4.144 Thread 0x00007fa61da71200 DEOPT UNPACKING pc=0x0000000114157b9b sp=0x0000000307e28b28 mode 3
Event: 5.740 Thread 0x00007fa61d9d7800 DEOPT PACKING pc=0x0000000114b24cc0 sp=0x0000000307408360
Event: 5.740 Thread 0x00007fa61d9d7800 DEOPT UNPACKING pc=0x0000000114157b9b sp=0x0000000307407898 mode 3

Classes unloaded (1 events):
Event: 8.949 Thread 0x00007fa61c909c50 Unloading class 0x0000000801430400 'jdk/internal/reflect/GeneratedSerializationConstructorAccessor18'

Classes redefined (0 events):
No events

Internal exceptions (20 events):
Event: 9.388 Thread 0x00007fa61d9d7800 Exception <a 'java/lang/ClassNotFoundException'{0x0000000785cebab0}: org/springframework/context/ApplicationListenerCustomizer> (0x0000000785cebab0) 
thrown [./open/src/hotspot/share/classfile/systemDictionary.cpp, line 256]
Event: 9.390 Thread 0x00007fa61d9d7800 Exception <a 'java/lang/ClassNotFoundException'{0x0000000785cef548}: java/util/EventListenerCustomizer> (0x0000000785cef548) 
thrown [./open/src/hotspot/share/classfile/systemDictionary.cpp, line 256]
Event: 9.390 Thread 0x00007fa61d9d7800 Exception <a 'java/lang/ClassNotFoundException'{0x0000000785cf6d88}: com/rabbitmq/client/ShutdownListenerCustomizer> (0x0000000785cf6d88) 
thrown [./open/src/hotspot/share/classfile/systemDictionary.cpp, line 256]
Event: 9.390 Thread 0x00007fa61d9d7800 Exception <a 'java/lang/ClassNotFoundException'{0x0000000785cf9900}: java/util/EventListenerCustomizer> (0x0000000785cf9900) 
thrown [./open/src/hotspot/share/classfile/systemDictionary.cpp, line 256]
Event: 9.402 Thread 0x00007fa61d9d7800 Exception <a 'java/lang/IncompatibleClassChangeError'{0x0000000785bb24a0}: Found class java.lang.Object, but interface was expected> (0x0000000785bb24a0) 
thrown [./open/src/hotspot/share/interpreter/linkResolver.cpp, line 857]
Event: 9.415 Thread 0x00007fa61d9d7800 Exception <a 'java/lang/NoSuchMethodError'{0x0000000787f53ea8}: 'void java.lang.invoke.DirectMethodHandle$Holder.invokeSpecial(java.lang.Object, java.lang.Object, long)'> (0x0000000787f53ea8) 
thrown [./open/src/hotspot/share/interpreter/linkResolver.cpp, line 790]
Event: 9.415 Thread 0x00007fa61d9d7800 Exception <a 'java/lang/NoSuchMethodError'{0x0000000787f5e100}: 'void java.lang.invoke.DirectMethodHandle$Holder.invokeSpecial(java.lang.Object, java.lang.Object, int)'> (0x0000000787f5e100) 
thrown [./open/src/hotspot/share/interpreter/linkResolver.cpp, line 790]
Event: 9.418 Thread 0x00007fa61d9d7800 Exception <a 'java/lang/NoSuchMethodError'{0x0000000787f82158}: 'java.lang.Object java.lang.invoke.DirectMethodHandle$Holder.invokeSpecial(java.lang.Object, java.lang.Object, int, java.lang.Object, int, java.lang.Object)'> (0x0000000787f82158) 
thrown [./open/src/hotspot/share/interpreter/linkResolver.cpp, line 790]
Event: 9.418 Thread 0x00007fa61d9d7800 Exception <a 'java/lang/NoSuchMethodError'{0x0000000787f8ac80}: 'java.lang.Object java.lang.invoke.DirectMethodHandle$Holder.newInvokeSpecial(java.lang.Object, java.lang.Object, int, java.lang.Object, int)'> (0x0000000787f8ac80) 
thrown [./open/src/hotspot/share/interpreter/linkResolver.cpp, line 790]
Event: 9.418 Thread 0x00007fa61d9d7800 Exception <a 'java/lang/NoSuchMethodError'{0x0000000787f8ee90}: 'java.lang.Object java.lang.invoke.DirectMethodHandle$Holder.invokeSpecial(java.lang.Object, java.lang.Object, java.lang.Object, int, java.lang.Object, int)'> (0x0000000787f8ee90) 
thrown [./open/src/hotspot/share/interpreter/linkResolver.cpp, line 790]
Event: 9.418 Thread 0x00007fa61d9d7800 Exception <a 'java/lang/NoSuchMethodError'{0x0000000787f9a6f0}: 'void java.lang.invoke.DirectMethodHandle$Holder.invokeVirtual(java.lang.Object, java.lang.Object)'> (0x0000000787f9a6f0) 
thrown [./open/src/hotspot/share/interpreter/linkResolver.cpp, line 790]
Event: 128.771 Thread 0x00007fa61ba96a00 Exception <a 'sun/nio/fs/UnixException'{0x0000000785cc0980}> (0x0000000785cc0980) 
thrown [./open/src/hotspot/share/prims/jni.cpp, line 579]
Event: 128.772 Thread 0x00007fa61ba96a00 Exception <a 'sun/nio/fs/UnixException'{0x0000000785cc17b8}> (0x0000000785cc17b8) 
thrown [./open/src/hotspot/share/prims/jni.cpp, line 579]
Event: 128.772 Thread 0x00007fa61ba96a00 Exception <a 'sun/nio/fs/UnixException'{0x0000000785cc2430}> (0x0000000785cc2430) 
thrown [./open/src/hotspot/share/prims/jni.cpp, line 579]
Event: 128.772 Thread 0x00007fa61ba96a00 Exception <a 'sun/nio/fs/UnixException'{0x0000000785cc3098}> (0x0000000785cc3098) 
thrown [./open/src/hotspot/share/prims/jni.cpp, line 579]
Event: 128.772 Thread 0x00007fa61ba96a00 Exception <a 'sun/nio/fs/UnixException'{0x0000000785cc3ce8}> (0x0000000785cc3ce8) 
thrown [./open/src/hotspot/share/prims/jni.cpp, line 579]
Event: 134.530 Thread 0x00007fa61ba96a00 Exception <a 'java/lang/ClassNotFoundException'{0x0000000787f2def0}: sun/awt/resources/spi/awtProvider> (0x0000000787f2def0) 
thrown [./open/src/hotspot/share/classfile/systemDictionary.cpp, line 256]
Event: 134.546 Thread 0x00007fa61ba96a00 Exception <a 'java/io/FileNotFoundException'{0x0000000787f38cb0}> (0x0000000787f38cb0) 
thrown [./open/src/hotspot/share/prims/jni.cpp, line 579]
Event: 134.546 Thread 0x00007fa61ba96a00 Exception <a 'java/io/FileNotFoundException'{0x0000000787f3a930}> (0x0000000787f3a930) 
thrown [./open/src/hotspot/share/prims/jni.cpp, line 579]
Event: 135.066 Thread 0x00007fa61ba96a00 Exception <a 'java/lang/reflect/InvocationTargetException'{0x00000007858f1eb0}> (0x00000007858f1eb0) 
thrown [./open/src/hotspot/share/runtime/reflection.cpp, line 1157]

Events (20 events):
Event: 269.687 Thread 0x00007fa61d33e200 Thread added: 0x00007fa61d33e200
Event: 269.688 Protecting memory [0x000000030a093000,0x000000030a097000] with protection modes 0
Event: 269.691 Executing  VM operation: G1CollectForAllocation
Event: 269.744 Executing  VM operation: G1CollectForAllocation done
Event: 269.761 Thread 0x00007fa61be55a00 Thread added: 0x00007fa61be55a00
Event: 269.761 Protecting memory [0x000000030a196000,0x000000030a19a000] with protection modes 0
Event: 271.121 Protecting memory [0x000000030a196000,0x000000030a19a000] with protection modes 3
Event: 271.121 Thread 0x00007fa61be55a00 Thread exited: 0x00007fa61be55a00
Event: 271.121 Thread 0x00007fa61c60a800 Thread added: 0x00007fa61c60a800
Event: 271.121 Protecting memory [0x000000030a196000,0x000000030a19a000] with protection modes 0
Event: 271.122 Thread 0x00007fa61c60b400 Thread added: 0x00007fa61c60b400
Event: 271.122 Protecting memory [0x000000030a299000,0x000000030a29d000] with protection modes 0
Event: 271.134 Protecting memory [0x000000030a299000,0x000000030a29d000] with protection modes 3
Event: 271.134 Protecting memory [0x000000030a196000,0x000000030a19a000] with protection modes 3
Event: 271.135 Thread 0x00007fa61c60b400 Thread exited: 0x00007fa61c60b400
Event: 271.135 Thread 0x00007fa61c60a800 Thread exited: 0x00007fa61c60a800
Event: 271.137 loading class java/lang/Throwable$WrappedPrintStream
Event: 271.137 Protecting memory [0x000000030a093000,0x000000030a097000] with protection modes 3
Event: 271.137 Thread 0x00007fa61d33e200 Thread exited: 0x00007fa61d33e200
Event: 271.141 loading class java/lang/Throwable$WrappedPrintStream done


Dynamic libraries:
0x00000001091ef000 	/Library/Java/JavaVirtualMachines/jdk-16.jdk/Contents/Home/lib/libjli.dylib
0x00007ff81dd37000 	/usr/lib/libz.1.dylib
0x00007ff81de1d000 	/usr/lib/libSystem.B.dylib
0x00007ff81de18000 	/usr/lib/system/libcache.dylib
0x00007ff81ddd4000 	/usr/lib/system/libcommonCrypto.dylib
0x00007ff81ddfd000 	/usr/lib/system/libcompiler_rt.dylib
0x00007ff81ddf3000 	/usr/lib/system/libcopyfile.dylib
0x00007ff812a4b000 	/usr/lib/system/libcorecrypto.dylib
0x00007ff812b0a000 	/usr/lib/system/libdispatch.dylib
0x00007ff812ccc000 	/usr/lib/system/libdyld.dylib
0x00007ff81de0f000 	/usr/lib/system/libkeymgr.dylib
0x00007ff81ddb2000 	/usr/lib/system/libmacho.dylib
0x00007ff81d438000 	/usr/lib/system/libquarantine.dylib
0x00007ff81de0d000 	/usr/lib/system/libremovefile.dylib
0x00007ff817b59000 	/usr/lib/system/libsystem_asl.dylib
0x00007ff8129f9000 	/usr/lib/system/libsystem_blocks.dylib
0x00007ff812b91000 	/usr/lib/system/libsystem_c.dylib
0x00007ff81de05000 	/usr/lib/system/libsystem_collections.dylib
0x00007ff81c759000 	/usr/lib/system/libsystem_configuration.dylib
0x00007ff81ba14000 	/usr/lib/system/libsystem_containermanager.dylib
0x00007ff81dae9000 	/usr/lib/system/libsystem_coreservices.dylib
0x00007ff81521c000 	/usr/lib/system/libsystem_darwin.dylib
0x00007ff81de10000 	/usr/lib/system/libsystem_dnssd.dylib
0x00007ff812b8e000 	/usr/lib/system/libsystem_featureflags.dylib
0x00007ff812ce2000 	/usr/lib/system/libsystem_info.dylib
0x00007ff81dd4a000 	/usr/lib/system/libsystem_m.dylib
0x00007ff812ade000 	/usr/lib/system/libsystem_malloc.dylib
0x00007ff817af6000 	/usr/lib/system/libsystem_networkextension.dylib
0x00007ff815644000 	/usr/lib/system/libsystem_notify.dylib
0x00007ff824049000 	/usr/lib/system/libsystem_product_info_filter.dylib
0x00007ff81c75d000 	/usr/lib/system/libsystem_sandbox.dylib
0x00007ff81de0a000 	/usr/lib/system/libsystem_secinit.dylib
0x00007ff812c89000 	/usr/lib/system/libsystem_kernel.dylib
0x00007ff812cd8000 	/usr/lib/system/libsystem_platform.dylib
0x00007ff812cc0000 	/usr/lib/system/libsystem_pthread.dylib
0x00007ff819424000 	/usr/lib/system/libsystem_symptoms.dylib
0x00007ff812a32000 	/usr/lib/system/libsystem_trace.dylib
0x00007ff81dde0000 	/usr/lib/system/libunwind.dylib
0x00007ff8129fb000 	/usr/lib/system/libxpc.dylib
0x00007ff812c73000 	/usr/lib/libc++abi.dylib
0x00007ff812b51000 	/usr/lib/libobjc.A.dylib
0x00007ff81ddeb000 	/usr/lib/liboah.dylib
0x00007ff812c1a000 	/usr/lib/libc++.1.dylib
0x00007ff829da4000 	/System/Library/Frameworks/Cocoa.framework/Versions/A/Cocoa
0x00007ff8156a2000 	/System/Library/Frameworks/AppKit.framework/Versions/C/AppKit
0x00007ff818c01000 	/System/Library/Frameworks/CoreData.framework/Versions/A/CoreData
0x00007ff813ab9000 	/System/Library/Frameworks/Foundation.framework/Versions/C/Foundation
0x00007ff816534000 	/System/Library/PrivateFrameworks/UIFoundation.framework/Versions/A/UIFoundation
0x00007ff823d50000 	/System/Library/PrivateFrameworks/RemoteViewServices.framework/Versions/A/RemoteViewServices
0x00007ff81c0f0000 	/System/Library/PrivateFrameworks/XCTTargetBootstrap.framework/Versions/A/XCTTargetBootstrap
0x00007ff81fce9000 	/System/Library/PrivateFrameworks/InternationalSupport.framework/Versions/A/InternationalSupport
0x00007ff81fd73000 	/System/Library/PrivateFrameworks/UserActivity.framework/Versions/A/UserActivity
0x00007ff81f0d0000 	/usr/lib/libspindump.dylib
0x00007ff8167c2000 	/System/Library/Frameworks/UniformTypeIdentifiers.framework/Versions/A/UniformTypeIdentifiers
0x00007ff81a829000 	/usr/lib/libapp_launch_measurement.dylib
0x00007ff8195dd000 	/System/Library/PrivateFrameworks/CoreAnalytics.framework/Versions/A/CoreAnalytics
0x00007ff81a82c000 	/System/Library/PrivateFrameworks/CoreAutoLayout.framework/Versions/A/CoreAutoLayout
0x00007ff81ba4c000 	/System/Library/Frameworks/Metal.framework/Versions/A/Metal
0x00007ff81c768000 	/usr/lib/liblangid.dylib
0x00007ff81c0f4000 	/System/Library/PrivateFrameworks/CoreSVG.framework/Versions/A/CoreSVG
0x00007ff817b89000 	/System/Library/PrivateFrameworks/SkyLight.framework/Versions/A/SkyLight
0x00007ff817f1f000 	/System/Library/Frameworks/CoreGraphics.framework/Versions/A/CoreGraphics
0x00007ff8243bf000 	/System/Library/Frameworks/Accelerate.framework/Versions/A/Accelerate
0x00007ff81eb4b000 	/System/Library/PrivateFrameworks/IconServices.framework/Versions/A/IconServices
0x00007ff81ba31000 	/System/Library/Frameworks/IOSurface.framework/Versions/A/IOSurface
0x00007ff81960b000 	/usr/lib/libDiagnosticMessagesClient.dylib
0x00007ff827a30000 	/System/Library/Frameworks/ApplicationServices.framework/Versions/A/ApplicationServices
0x00007ff81c0dc000 	/System/Library/PrivateFrameworks/DFRFoundation.framework/Versions/A/DFRFoundation
0x00007ff814f93000 	/usr/lib/libicucore.A.dylib
0x00007ff820a0e000 	/System/Library/Frameworks/AudioToolbox.framework/Versions/A/AudioToolbox
0x00007ff81fcf5000 	/System/Library/PrivateFrameworks/DataDetectorsCore.framework/Versions/A/DataDetectorsCore
0x00007ff91b5e7000 	/System/Library/PrivateFrameworks/TextInput.framework/Versions/A/TextInput
0x00007ff817b0d000 	/usr/lib/libMobileGestalt.dylib
0x00007ff81bde4000 	/System/Library/Frameworks/Carbon.framework/Versions/A/Frameworks/HIToolbox.framework/Versions/A/HIToolbox
0x00007ff81a256000 	/System/Library/Frameworks/QuartzCore.framework/Versions/A/QuartzCore
0x00007ff814c33000 	/System/Library/Frameworks/Security.framework/Versions/A/Security
0x00007ff823d88000 	/System/Library/Frameworks/Carbon.framework/Versions/A/Frameworks/SpeechRecognition.framework/Versions/A/SpeechRecognition
0x00007ff81a589000 	/System/Library/PrivateFrameworks/CoreUI.framework/Versions/A/CoreUI
0x00007ff81450b000 	/System/Library/Frameworks/CoreAudio.framework/Versions/A/CoreAudio
0x00007ff8196f9000 	/System/Library/Frameworks/DiskArbitration.framework/Versions/A/DiskArbitration
0x00007ff81f4b3000 	/System/Library/PrivateFrameworks/MultitouchSupport.framework/Versions/A/MultitouchSupport
0x00007ff817b0c000 	/usr/lib/libenergytrace.dylib
0x00007ff81558e000 	/System/Library/Frameworks/IOKit.framework/Versions/A/IOKit
0x00007ff824174000 	/System/Library/Frameworks/CoreServices.framework/Versions/A/CoreServices
0x00007ff81a7c3000 	/System/Library/PrivateFrameworks/PerformanceAnalysis.framework/Versions/A/PerformanceAnalysis
0x00007ffa2b0ce000 	/System/Library/Frameworks/OpenGL.framework/Versions/A/OpenGL
0x00007ff81d364000 	/System/Library/PrivateFrameworks/MobileKeyBag.framework/Versions/A/MobileKeyBag
0x00007ff81864e000 	/System/Library/Frameworks/ColorSync.framework/Versions/A/ColorSync
0x00007ff812d0d000 	/System/Library/Frameworks/CoreFoundation.framework/Versions/A/CoreFoundation
0x00007ff81c36f000 	/System/Library/Frameworks/CoreImage.framework/Versions/A/CoreImage
0x00007ff814321000 	/System/Library/Frameworks/CoreText.framework/Versions/A/CoreText
0x00007ff81c123000 	/System/Library/Frameworks/ImageIO.framework/Versions/A/ImageIO
0x00007ff81de23000 	/System/Library/PrivateFrameworks/SoftLinking.framework/Versions/A/SoftLinking
0x00007ff81a874000 	/usr/lib/libxml2.2.dylib
0x00007ff81e0a4000 	/usr/lib/libcompression.dylib
0x00007ff81fc1f000 	/System/Library/PrivateFrameworks/TextureIO.framework/Versions/A/TextureIO
0x00007ff81e7c4000 	/usr/lib/libate.dylib
0x00007ff81e57d000 	/usr/lib/liblzma.5.dylib
0x00007ff8137ca000 	/System/Library/Frameworks/SystemConfiguration.framework/Versions/A/SystemConfiguration
0x00007ff81de1f000 	/usr/lib/libfakelink.dylib
0x00007ff81765f000 	/System/Library/Frameworks/CFNetwork.framework/Versions/A/CFNetwork
0x00007ff81df5e000 	/usr/lib/libarchive.2.dylib
0x00007ff81c764000 	/System/Library/PrivateFrameworks/AppleSystemInfo.framework/Versions/A/AppleSystemInfo
0x00007ff81d45f000 	/usr/lib/libbsm.0.dylib
0x00007ff816c95000 	/usr/lib/libnetwork.dylib
0x00007ff81ddb8000 	/usr/lib/system/libkxld.dylib
0x00007ff81d08d000 	/System/Library/PrivateFrameworks/IOMobileFramebuffer.framework/Versions/A/IOMobileFramebuffer
0x00007ffb28d3a000 	/usr/lib/libCoreEntitlements.dylib
0x00007ff81dacb000 	/System/Library/PrivateFrameworks/AppleFSCompression.framework/Versions/A/AppleFSCompression
0x00007ff81d447000 	/usr/lib/libcoretls.dylib
0x00007ff81e597000 	/usr/lib/libcoretls_cfhelpers.dylib
0x00007ff81e09f000 	/usr/lib/libpam.2.dylib
0x00007ff81904a000 	/usr/lib/libsqlite3.dylib
0x00007ff81e606000 	/usr/lib/libxar.1.dylib
0x00007ff81dadb000 	/usr/lib/libbz2.1.0.dylib
0x00007ff81de24000 	/usr/lib/libpcap.A.dylib
0x00007ff81941b000 	/usr/lib/libdns_services.dylib
0x00007ff81e071000 	/usr/lib/libapple_nghttp2.dylib
0x00007ff81de5b000 	/usr/lib/libiconv.2.dylib
0x00007ff81ddb1000 	/usr/lib/libcharset.1.dylib
0x00007ff81a7f7000 	/System/Library/Frameworks/CoreServices.framework/Versions/A/Frameworks/FSEvents.framework/Versions/A/FSEvents
0x00007ff815226000 	/System/Library/Frameworks/CoreServices.framework/Versions/A/Frameworks/CarbonCore.framework/Versions/A/CarbonCore
0x00007ff81965e000 	/System/Library/Frameworks/CoreServices.framework/Versions/A/Frameworks/Metadata.framework/Versions/A/Metadata
0x00007ff81daee000 	/System/Library/Frameworks/CoreServices.framework/Versions/A/Frameworks/OSServices.framework/Versions/A/OSServices
0x00007ff81dfe5000 	/System/Library/Frameworks/CoreServices.framework/Versions/A/Frameworks/SearchKit.framework/Versions/A/SearchKit
0x00007ff8193ad000 	/System/Library/Frameworks/CoreServices.framework/Versions/A/Frameworks/AE.framework/Versions/A/AE
0x00007ff81320e000 	/System/Library/Frameworks/CoreServices.framework/Versions/A/Frameworks/LaunchServices.framework/Versions/A/LaunchServices
0x00007ff81e52e000 	/System/Library/Frameworks/CoreServices.framework/Versions/A/Frameworks/DictionaryServices.framework/Versions/A/DictionaryServices
0x00007ff81a804000 	/System/Library/Frameworks/CoreServices.framework/Versions/A/Frameworks/SharedFileList.framework/Versions/A/SharedFileList
0x00007ff81d43b000 	/usr/lib/libCheckFix.dylib
0x00007ff817b70000 	/System/Library/PrivateFrameworks/TCC.framework/Versions/A/TCC
0x00007ff81c76a000 	/System/Library/PrivateFrameworks/CoreNLP.framework/Versions/A/CoreNLP
0x00007ff81960e000 	/System/Library/PrivateFrameworks/MetadataUtilities.framework/Versions/A/MetadataUtilities
0x00007ff81387a000 	/usr/lib/libmecabra.dylib
0x00007ff81d46f000 	/usr/lib/libmecab.dylib
0x00007ff813845000 	/usr/lib/libCRFSuite.dylib
0x00007ff81d4cc000 	/usr/lib/libgermantok.dylib
0x00007ff81e04c000 	/usr/lib/libThaiTokenizer.dylib
0x00007ff819700000 	/System/Library/Frameworks/Accelerate.framework/Versions/A/Frameworks/vImage.framework/Versions/A/vImage
0x00007ff82414b000 	/System/Library/Frameworks/Accelerate.framework/Versions/A/Frameworks/vecLib.framework/Versions/A/vecLib
0x00007ff81e647000 	/System/Library/Frameworks/Accelerate.framework/Versions/A/Frameworks/vecLib.framework/Versions/A/libvMisc.dylib
0x00007ff81ce81000 	/System/Library/Frameworks/Accelerate.framework/Versions/A/Frameworks/vecLib.framework/Versions/A/libvDSP.dylib
0x00007ff813586000 	/System/Library/Frameworks/Accelerate.framework/Versions/A/Frameworks/vecLib.framework/Versions/A/libBLAS.dylib
0x00007ff81e181000 	/System/Library/Frameworks/Accelerate.framework/Versions/A/Frameworks/vecLib.framework/Versions/A/libLAPACK.dylib
0x00007ff81d4cf000 	/System/Library/Frameworks/Accelerate.framework/Versions/A/Frameworks/vecLib.framework/Versions/A/libLinearAlgebra.dylib
0x00007ff81e08a000 	/System/Library/Frameworks/Accelerate.framework/Versions/A/Frameworks/vecLib.framework/Versions/A/libSparseBLAS.dylib
0x00007ff81e17b000 	/System/Library/Frameworks/Accelerate.framework/Versions/A/Frameworks/vecLib.framework/Versions/A/libQuadrature.dylib
0x00007ff81c854000 	/System/Library/Frameworks/Accelerate.framework/Versions/A/Frameworks/vecLib.framework/Versions/A/libBNNS.dylib
0x00007ff81375b000 	/System/Library/Frameworks/Accelerate.framework/Versions/A/Frameworks/vecLib.framework/Versions/A/libSparse.dylib
0x00007ff81c84d000 	/System/Library/PrivateFrameworks/LinguisticData.framework/Versions/A/LinguisticData
0x00007ff813710000 	/System/Library/PrivateFrameworks/Lexicon.framework/Versions/A/Lexicon
0x00007ff81e640000 	/usr/lib/libChineseTokenizer.dylib
0x00007ff813e74000 	/System/Library/PrivateFrameworks/LanguageModeling.framework/Versions/A/LanguageModeling
0x00007ff81e04e000 	/System/Library/PrivateFrameworks/AppleSauce.framework/Versions/A/AppleSauce
0x00007ff81d07b000 	/System/Library/PrivateFrameworks/CoreEmoji.framework/Versions/A/CoreEmoji
0x00007ff81df4d000 	/usr/lib/libcmph.dylib
0x00007ff81a7db000 	/System/Library/Frameworks/OpenDirectory.framework/Versions/A/Frameworks/CFOpenDirectory.framework/Versions/A/CFOpenDirectory
0x00007ff81a7cf000 	/System/Library/Frameworks/OpenDirectory.framework/Versions/A/OpenDirectory
0x00007ff81e599000 	/System/Library/PrivateFrameworks/APFS.framework/Versions/A/APFS
0x00007ff81d39c000 	/System/Library/Frameworks/SecurityFoundation.framework/Versions/A/SecurityFoundation
0x00007ff81e614000 	/usr/lib/libutil.dylib
0x00007ff815551000 	/System/Library/PrivateFrameworks/CoreServicesStore.framework/Versions/A/CoreServicesStore
0x00007ff81e618000 	/usr/lib/libxslt.1.dylib
0x00007ff81d429000 	/System/Library/PrivateFrameworks/BackgroundTaskManagement.framework/Versions/A/BackgroundTaskManagement
0x00007ff81fb41000 	/System/Library/Frameworks/ImageIO.framework/Versions/A/Resources/libRadiance.dylib
0x00007ff81fb4a000 	/System/Library/Frameworks/ImageIO.framework/Versions/A/Resources/libJPEG.dylib
0x00007ff81fa9b000 	/System/Library/Frameworks/ImageIO.framework/Versions/A/Resources/libPng.dylib
0x00007ff81fabc000 	/System/Library/Frameworks/ImageIO.framework/Versions/A/Resources/libTIFF.dylib
0x00007ff81fba8000 	/System/Library/Frameworks/ImageIO.framework/Versions/A/Resources/libGIF.dylib
0x00007ff81f3d0000 	/System/Library/Frameworks/ImageIO.framework/Versions/A/Resources/libJP2.dylib
0x00007ff81eb12000 	/usr/lib/libexpat.1.dylib
0x00007ff81f385000 	/System/Library/PrivateFrameworks/AppleJPEG.framework/Versions/A/AppleJPEG
0x00007ff81bca7000 	/System/Library/PrivateFrameworks/FontServices.framework/libFontParser.dylib
0x00007ff819357000 	/System/Library/PrivateFrameworks/RunningBoardServices.framework/Versions/A/RunningBoardServices
0x00007ff82a320000 	/System/Library/PrivateFrameworks/IOSurfaceAccelerator.framework/Versions/A/IOSurfaceAccelerator
0x00007ff81f4af000 	/System/Library/PrivateFrameworks/WatchdogClient.framework/Versions/A/WatchdogClient
0x00007ff813f63000 	/System/Library/Frameworks/CoreDisplay.framework/Versions/A/CoreDisplay
0x00007ff81bba6000 	/System/Library/Frameworks/CoreMedia.framework/Versions/A/CoreMedia
0x00007ff81ba43000 	/System/Library/PrivateFrameworks/IOAccelerator.framework/Versions/A/IOAccelerator
0x00007ff81a957000 	/System/Library/Frameworks/CoreVideo.framework/Versions/A/CoreVideo
0x00007ff81e09d000 	/System/Library/Frameworks/MetalPerformanceShaders.framework/Versions/A/MetalPerformanceShaders
0x00007ff81f4ea000 	/System/Library/Frameworks/VideoToolbox.framework/Versions/A/VideoToolbox
0x00007ff81929f000 	/System/Library/PrivateFrameworks/BaseBoard.framework/Versions/A/BaseBoard
0x00007ff819030000 	/System/Library/PrivateFrameworks/ProtocolBuffer.framework/Versions/A/ProtocolBuffer
0x00007ff81fb3a000 	/System/Library/PrivateFrameworks/GPUWrangler.framework/Versions/A/GPUWrangler
0x00007ff81fb1d000 	/System/Library/PrivateFrameworks/IOPresentment.framework/Versions/A/IOPresentment
0x00007ff81fb44000 	/System/Library/PrivateFrameworks/DSExternalDisplay.framework/Versions/A/DSExternalDisplay
0x00007ffa2b0c2000 	/System/Library/Frameworks/OpenGL.framework/Versions/A/Libraries/libCoreFSCache.dylib
0x00007ffb16faa000 	/System/Library/PrivateFrameworks/GPUCompiler.framework/Versions/31001/Libraries/libGPUCompilerUtils.dylib
0x00007ff81fbad000 	/System/Library/PrivateFrameworks/CMCaptureCore.framework/Versions/A/CMCaptureCore
0x00007ff81f0be000 	/System/Library/PrivateFrameworks/AppServerSupport.framework/Versions/A/AppServerSupport
0x00007ff821294000 	/System/Library/PrivateFrameworks/perfdata.framework/Versions/A/perfdata
0x00007ff81408f000 	/System/Library/PrivateFrameworks/AudioToolboxCore.framework/Versions/A/AudioToolboxCore
0x00007ff81bb83000 	/System/Library/PrivateFrameworks/caulk.framework/Versions/A/caulk
0x00007ff820bb8000 	/usr/lib/libAudioStatistics.dylib
0x00007ff917e75000 	/System/Library/PrivateFrameworks/SystemPolicy.framework/Versions/A/SystemPolicy
0x00007ff820e0d000 	/usr/lib/libSMC.dylib
0x00007ff829c57000 	/System/Library/Frameworks/CoreMIDI.framework/Versions/A/CoreMIDI
0x00007ff81fa6b000 	/usr/lib/libAudioToolboxUtility.dylib
0x00007ff914287000 	/System/Library/PrivateFrameworks/OSAServicesClient.framework/Versions/A/OSAServicesClient
0x00007ff8212a1000 	/usr/lib/libperfcheck.dylib
0x00007ff918907000 	/usr/lib/libmis.dylib
0x00007ffa2b11e000 	/System/Library/Frameworks/OpenGL.framework/Versions/A/Libraries/libGLU.dylib
0x00007ffa2b0e1000 	/System/Library/Frameworks/OpenGL.framework/Versions/A/Libraries/libGFXShared.dylib
0x00007ffa2b2ef000 	/System/Library/Frameworks/OpenGL.framework/Versions/A/Libraries/libGL.dylib
0x00007ffa2b0ea000 	/System/Library/Frameworks/OpenGL.framework/Versions/A/Libraries/libGLImage.dylib
0x00007ffa2b0de000 	/System/Library/Frameworks/OpenGL.framework/Versions/A/Libraries/libCVMSPluginSupport.dylib
0x00007ffa2b0c9000 	/System/Library/Frameworks/OpenGL.framework/Versions/A/Libraries/libCoreVMClient.dylib
0x00007ff81c6e8000 	/System/Library/Frameworks/MetalPerformanceShaders.framework/Versions/A/Frameworks/MPSCore.framework/Versions/A/MPSCore
0x00007ff81da36000 	/System/Library/Frameworks/MetalPerformanceShaders.framework/Versions/A/Frameworks/MPSImage.framework/Versions/A/MPSImage
0x00007ff81d4e5000 	/System/Library/Frameworks/MetalPerformanceShaders.framework/Versions/A/Frameworks/MPSNeuralNetwork.framework/Versions/A/MPSNeuralNetwork
0x00007ff81d95a000 	/System/Library/Frameworks/MetalPerformanceShaders.framework/Versions/A/Frameworks/MPSMatrix.framework/Versions/A/MPSMatrix
0x00007ff81d716000 	/System/Library/Frameworks/MetalPerformanceShaders.framework/Versions/A/Frameworks/MPSRayIntersector.framework/Versions/A/MPSRayIntersector
0x00007ff81d993000 	/System/Library/Frameworks/MetalPerformanceShaders.framework/Versions/A/Frameworks/MPSNDArray.framework/Versions/A/MPSNDArray
0x00007ffa2fce3000 	/System/Library/Frameworks/MetalPerformanceShaders.framework/Versions/A/Frameworks/MPSFunctions.framework/Versions/A/MPSFunctions
0x00007ff813469000 	/System/Library/PrivateFrameworks/MetalTools.framework/Versions/A/MetalTools
0x00007ff81c762000 	/System/Library/PrivateFrameworks/AggregateDictionary.framework/Versions/A/AggregateDictionary
0x00007ff81e8f4000 	/usr/lib/libIOReport.dylib
0x00007ffa2c6fe000 	/System/Library/Frameworks/OpenCL.framework/Versions/A/OpenCL
0x00007ff81ec58000 	/System/Library/PrivateFrameworks/FaceCore.framework/Versions/A/FaceCore
0x00007ff81ec49000 	/System/Library/PrivateFrameworks/GraphVisualizer.framework/Versions/A/GraphVisualizer
0x00007ffb16eb5000 	/System/Library/PrivateFrameworks/FontServices.framework/Versions/A/FontServices
0x00007ff81f075000 	/System/Library/PrivateFrameworks/OTSVG.framework/Versions/A/OTSVG
0x00007ff81a53f000 	/System/Library/Frameworks/ApplicationServices.framework/Versions/A/Frameworks/ATS.framework/Versions/A/Resources/libFontRegistry.dylib
0x00007ff81f0c6000 	/System/Library/PrivateFrameworks/FontServices.framework/libhvf.dylib
0x00007ffb16eb6000 	/System/Library/PrivateFrameworks/FontServices.framework/libXTFontStaticRegistryData.dylib
0x00007ff81eac2000 	/System/Library/PrivateFrameworks/AppleVA.framework/Versions/A/AppleVA
0x00007ff820bdc000 	/System/Library/Frameworks/ApplicationServices.framework/Versions/A/Frameworks/ATS.framework/Versions/A/ATS
0x00007ff81874a000 	/System/Library/Frameworks/ApplicationServices.framework/Versions/A/Frameworks/HIServices.framework/Versions/A/HIServices
0x00007ff81fbb7000 	/System/Library/Frameworks/ApplicationServices.framework/Versions/A/Frameworks/PrintCore.framework/Versions/A/PrintCore
0x00007ff820f60000 	/System/Library/Frameworks/ApplicationServices.framework/Versions/A/Frameworks/QD.framework/Versions/A/QD
0x00007ff820f58000 	/System/Library/Frameworks/ApplicationServices.framework/Versions/A/Frameworks/ColorSyncLegacy.framework/Versions/A/ColorSyncLegacy
0x00007ff820bcc000 	/System/Library/Frameworks/ApplicationServices.framework/Versions/A/Frameworks/SpeechSynthesis.framework/Versions/A/SpeechSynthesis
0x00007ff81fb78000 	/System/Library/Frameworks/ApplicationServices.framework/Versions/A/Frameworks/ATSUI.framework/Versions/A/ATSUI
0x00007ff820eed000 	/usr/lib/libcups.2.dylib
0x00007ff8212b0000 	/System/Library/Frameworks/Kerberos.framework/Versions/A/Kerberos
0x00007ff8212bf000 	/System/Library/Frameworks/GSS.framework/Versions/A/GSS
0x00007ff820c48000 	/usr/lib/libresolv.9.dylib
0x00007ff81f0d5000 	/System/Library/PrivateFrameworks/Heimdal.framework/Versions/A/Heimdal
0x00007ff827dad000 	/System/Library/Frameworks/Kerberos.framework/Versions/A/Libraries/libHeimdalProxy.dylib
0x00007ff81942c000 	/System/Library/Frameworks/Network.framework/Versions/A/Network
0x00007ff81eb2c000 	/usr/lib/libheimdal-asn1.dylib
0x00007ff82130b000 	/System/Library/PrivateFrameworks/CommonAuth.framework/Versions/A/CommonAuth
0x00007ff820b49000 	/System/Library/PrivateFrameworks/AudioSession.framework/Versions/A/AudioSession
0x00007ff81ebbc000 	/System/Library/PrivateFrameworks/MediaExperience.framework/Versions/A/MediaExperience
0x00007ff8209dd000 	/System/Library/PrivateFrameworks/AudioSession.framework/libSessionUtility.dylib
0x00007ff820f6c000 	/System/Library/PrivateFrameworks/AudioResourceArbitration.framework/Versions/A/AudioResourceArbitration
0x00007ff824f5e000 	/System/Library/PrivateFrameworks/PowerLog.framework/Versions/A/PowerLog
0x00007ff81eb35000 	/System/Library/PrivateFrameworks/IconFoundation.framework/Versions/A/IconFoundation
0x00007ff823d78000 	/System/Library/PrivateFrameworks/SpeechRecognitionCore.framework/Versions/A/SpeechRecognitionCore
0x000000010a276000 	/Library/Java/JavaVirtualMachines/jdk-16.jdk/Contents/Home/lib/server/libjvm.dylib
0x000000010928d000 	/Library/Java/JavaVirtualMachines/jdk-16.jdk/Contents/Home/lib/libjimage.dylib
0x00000001092a8000 	/Library/Java/JavaVirtualMachines/jdk-16.jdk/Contents/Home/lib/libinstrument.dylib
0x00000001092f8000 	/Library/Java/JavaVirtualMachines/jdk-16.jdk/Contents/Home/lib/libjava.dylib
0x0000000129208000 	/Library/Java/JavaVirtualMachines/jdk-16.jdk/Contents/Home/lib/libzip.dylib
0x000000012923a000 	/Library/Java/JavaVirtualMachines/jdk-16.jdk/Contents/Home/lib/libnio.dylib
0x0000000129284000 	/Library/Java/JavaVirtualMachines/jdk-16.jdk/Contents/Home/lib/libnet.dylib
0x000000012933f000 	/Library/Java/JavaVirtualMachines/jdk-16.jdk/Contents/Home/lib/libextnet.dylib
0x000000012936b000 	/Library/Java/JavaVirtualMachines/jdk-16.jdk/Contents/Home/lib/libmanagement.dylib
0x000000012938b000 	/Library/Java/JavaVirtualMachines/jdk-16.jdk/Contents/Home/lib/libmanagement_ext.dylib
0x00007ff9188e4000 	/System/Library/PrivateFrameworks/MallocStackLogging.framework/Versions/A/MallocStackLogging
0x00000001347df000 	/private/var/folders/dg/z8095hl96vvd9wr84yk5r0180000gn/T/opencv_openpnp16861745599724766017/nu/pattern/opencv/osx/x86_64/libopencv_java320.dylib
0x00007ff917c91000 	/System/Library/Frameworks/AVFoundation.framework/Versions/A/AVFoundation
0x00007ffa2ee8f000 	/System/Library/Frameworks/AVFAudio.framework/Versions/A/AVFAudio
0x00007ff825b83000 	/System/Library/PrivateFrameworks/AVFCore.framework/Versions/A/AVFCore
0x00007ff82ca4c000 	/System/Library/PrivateFrameworks/AVFCapture.framework/Versions/A/AVFCapture
0x00007ff821f97000 	/System/Library/Frameworks/IOBluetooth.framework/Versions/A/IOBluetooth
0x00007ff824ec6000 	/System/Library/Frameworks/CoreBluetooth.framework/Versions/A/CoreBluetooth
0x00007ff827e32000 	/System/Library/Frameworks/AudioUnit.framework/Versions/A/AudioUnit
0x00007ff81d171000 	/System/Library/PrivateFrameworks/CoreUtils.framework/Versions/A/CoreUtils
0x00007ffb161d7000 	/System/Library/PrivateFrameworks/CoreUtilsExtras.framework/Versions/A/CoreUtilsExtras
0x00007ff916a96000 	/System/Library/PrivateFrameworks/AirPlaySync.framework/Versions/A/AirPlaySync
0x00007ff81fddf000 	/System/Library/Frameworks/MediaToolbox.framework/Versions/A/MediaToolbox
0x00007ff82551f000 	/System/Library/PrivateFrameworks/CoreAVCHD.framework/Versions/A/CoreAVCHD
0x00007ff824407000 	/System/Library/Frameworks/MediaAccessibility.framework/Versions/A/MediaAccessibility
0x00007ff82551b000 	/System/Library/PrivateFrameworks/Mangrove.framework/Versions/A/Mangrove
0x00007ff81d38b000 	/System/Library/PrivateFrameworks/AssertionServices.framework/Versions/A/AssertionServices
0x00007ff824412000 	/System/Library/PrivateFrameworks/AlgosScoreFramework.framework/Versions/A/AlgosScoreFramework
0x00007ffb1361c000 	/System/Library/PrivateFrameworks/CMPhoto.framework/Versions/A/CMPhoto
0x00007ff826074000 	/System/Library/PrivateFrameworks/AppleVPA.framework/Versions/A/AppleVPA
0x00007ff825160000 	/System/Library/PrivateFrameworks/CoreAUC.framework/Versions/A/CoreAUC
0x00007ffb13605000 	/System/Library/PrivateFrameworks/CMImaging.framework/Versions/A/CMImaging
0x00007ff82cb9c000 	/System/Library/PrivateFrameworks/Quagga.framework/Versions/A/Quagga
0x00007ff82cc63000 	/System/Library/PrivateFrameworks/CMCapture.framework/Versions/A/CMCapture
0x00007ff820d37000 	/System/Library/Frameworks/CoreMediaIO.framework/Versions/A/CoreMediaIO
0x00007ff827f5d000 	/System/Library/PrivateFrameworks/Espresso.framework/Versions/A/Espresso
0x00007ff82783a000 	/System/Library/PrivateFrameworks/AppSupport.framework/Versions/A/AppSupport
0x00007ffa1d15a000 	/System/Library/PrivateFrameworks/ANECompiler.framework/Versions/A/ANECompiler
0x00007ff829bdb000 	/System/Library/PrivateFrameworks/AppleNeuralEngine.framework/Versions/A/AppleNeuralEngine
0x00007ffb1991e000 	/System/Library/PrivateFrameworks/MIL.framework/Versions/A/MIL
0x00007ffa2fcf6000 	/System/Library/Frameworks/MetalPerformanceShadersGraph.framework/Versions/A/MetalPerformanceShadersGraph
0x00007ff828ad1000 	/System/Library/PrivateFrameworks/ANEServices.framework/Versions/A/ANEServices
0x00007ff82139a000 	/System/Library/PrivateFrameworks/CorePhoneNumbers.framework/Versions/A/CorePhoneNumbers
0x00007ff815653000 	/usr/lib/libsandbox.1.dylib
0x00007ff81ea32000 	/usr/lib/libMatch.1.dylib
0x00007ff91c5e9000 	/usr/lib/libncurses.5.4.dylib
0x00007ff8274cb000 	/System/Library/PrivateFrameworks/BackBoardServices.framework/Versions/A/BackBoardServices
0x00007ff825d73000 	/System/Library/PrivateFrameworks/FrontBoardServices.framework/Versions/A/FrontBoardServices
0x00007ff825e05000 	/System/Library/PrivateFrameworks/BoardServices.framework/Versions/A/BoardServices
0x000000013246b000 	/System/Library/Frameworks/CoreMediaIO.framework/Versions/A/Resources/AppleCamera.plugin/Contents/MacOS/AppleCamera
0x0000000132561000 	/System/Library/Frameworks/CoreMediaIO.framework/Versions/A/Resources/AppleH13CameraInterface.plugin/Contents/MacOS/AppleH13CameraInterface
0x00007ff81f18f000 	/System/Library/PrivateFrameworks/login.framework/Versions/A/login
0x00007ff81a9a9000 	/System/Library/PrivateFrameworks/login.framework/Versions/A/Frameworks/loginsupport.framework/Versions/A/loginsupport
0x00000001328ba000 	/System/Library/Frameworks/CoreMediaIO.framework/Versions/A/Resources/BaseUnits/CMIOBaseUnits.bundle/Contents/MacOS/CMIOBaseUnits
0x00007ff82447b000 	/System/Library/Frameworks/Vision.framework/Versions/A/Vision
0x00007ff91e89b000 	/System/Library/Frameworks/Vision.framework/libfaceCore.dylib
0x00007ff91f40a000 	/System/Library/PrivateFrameworks/Futhark.framework/Versions/A/Futhark
0x00007ff81ac73000 	/System/Library/Frameworks/CoreML.framework/Versions/A/CoreML
0x00007ff921e19000 	/System/Library/PrivateFrameworks/InertiaCam.framework/Versions/A/InertiaCam
0x00007ff91f29c000 	/System/Library/PrivateFrameworks/TextRecognition.framework/Versions/A/TextRecognition
0x00007ff827e85000 	/System/Library/PrivateFrameworks/DuetActivityScheduler.framework/Versions/A/DuetActivityScheduler
0x00007ff81d770000 	/System/Library/Frameworks/MLCompute.framework/Versions/A/MLCompute
0x00007ff81a9fc000 	/System/Library/Frameworks/CloudKit.framework/Versions/A/CloudKit
0x00007ffb19ab4000 	/System/Library/PrivateFrameworks/MLAssetIO.framework/Versions/A/MLAssetIO
0x00007ff81698e000 	/System/Library/PrivateFrameworks/CoreDuet.framework/Versions/A/CoreDuet
0x00007ff826c5c000 	/System/Library/PrivateFrameworks/CoreDuetContext.framework/Versions/A/CoreDuetContext
0x00007ff81e8fc000 	/System/Library/PrivateFrameworks/CrashReporterSupport.framework/Versions/A/CrashReporterSupport
0x00007ff825a71000 	/System/Library/Frameworks/CoreTelephony.framework/Versions/A/CoreTelephony
0x00007ff828c3a000 	/System/Library/PrivateFrameworks/CoreDuetDebugLogging.framework/Versions/A/CoreDuetDebugLogging
0x00007ff81a9ac000 	/System/Library/PrivateFrameworks/ApplePushService.framework/Versions/A/ApplePushService
0x00007ff826cb3000 	/System/Library/Frameworks/Intents.framework/Versions/A/Intents
0x00007ff828c3d000 	/System/Library/PrivateFrameworks/CoreDuetDaemonProtocol.framework/Versions/A/CoreDuetDaemonProtocol
0x00007ff826299000 	/System/Library/PrivateFrameworks/Rapport.framework/Versions/A/Rapport
0x00007ff9246dd000 	/System/Library/PrivateFrameworks/OSAnalytics.framework/Versions/A/OSAnalytics
0x00007ff92f677000 	/System/Library/PrivateFrameworks/Symbolication.framework/Versions/A/Symbolication
0x00007ff8261d9000 	/System/Library/PrivateFrameworks/CoreSymbolication.framework/Versions/A/CoreSymbolication
0x00007ff82619e000 	/System/Library/PrivateFrameworks/DebugSymbols.framework/Versions/A/DebugSymbols
0x00007ff819287000 	/System/Library/PrivateFrameworks/CommonUtilities.framework/Versions/A/CommonUtilities
0x00007ff8213a3000 	/usr/lib/libTelephonyUtilDynamic.dylib
0x00007ff81f341000 	/System/Library/PrivateFrameworks/Bom.framework/Versions/A/Bom
0x00007ff824437000 	/System/Library/PrivateFrameworks/CoreDaemon.framework/Versions/B/CoreDaemon
0x00007ff824432000 	/System/Library/PrivateFrameworks/AppleSRP.framework/Versions/A/AppleSRP
0x00007ff81d433000 	/System/Library/Frameworks/ServiceManagement.framework/Versions/A/ServiceManagement
0x00007ff81a9d6000 	/System/Library/PrivateFrameworks/UserManagement.framework/Versions/A/UserManagement
0x00007ff81920b000 	/System/Library/Frameworks/Accounts.framework/Versions/A/Accounts
0x00007ff827ee0000 	/System/Library/PrivateFrameworks/C2.framework/Versions/A/C2
0x00007ff81b972000 	/System/Library/Frameworks/CoreLocation.framework/Versions/A/CoreLocation
0x00007ff822064000 	/System/Library/PrivateFrameworks/ProtectedCloudStorage.framework/Versions/A/ProtectedCloudStorage
0x00007ff827ed8000 	/System/Library/Frameworks/PushKit.framework/Versions/A/PushKit
0x00007ff82628f000 	/System/Library/PrivateFrameworks/CoreTime.framework/Versions/A/CoreTime
0x00007ff81db1b000 	/System/Library/PrivateFrameworks/AuthKit.framework/Versions/A/AuthKit
0x00007ff8299d0000 	/System/Library/PrivateFrameworks/RTCReporting.framework/Versions/A/RTCReporting
0x00007ff825070000 	/System/Library/PrivateFrameworks/DiskManagement.framework/Versions/A/DiskManagement
0x00007ff824f84000 	/System/Library/PrivateFrameworks/AppleIDAuthSupport.framework/Versions/A/AppleIDAuthSupport
0x00007ffa31c9c000 	/System/Library/PrivateFrameworks/AAAFoundation.framework/Versions/A/AAAFoundation
0x00007ff82137b000 	/System/Library/PrivateFrameworks/KeychainCircle.framework/Versions/A/KeychainCircle
0x00007ff82503c000 	/System/Library/PrivateFrameworks/MediaKit.framework/Versions/A/MediaKit
0x00007ff824f90000 	/System/Library/Frameworks/DiscRecording.framework/Versions/A/DiscRecording
0x00007ff81ea3a000 	/usr/lib/libCoreStorage.dylib
0x00007ff8277ba000 	/usr/lib/libcsfde.dylib
0x00007ff8277b6000 	/System/Library/PrivateFrameworks/EFILogin.framework/Versions/A/EFILogin
0x00007ff8256ed000 	/System/Library/PrivateFrameworks/OctagonTrust.framework/Versions/A/OctagonTrust
0x00007ff82232a000 	/System/Library/PrivateFrameworks/GeoServices.framework/Versions/A/GeoServices
0x00007ff8209b4000 	/System/Library/PrivateFrameworks/LocationSupport.framework/Versions/A/LocationSupport
0x00007ffb1769f000 	/System/Library/PrivateFrameworks/GeoServicesCore.framework/Versions/A/GeoServicesCore
0x00007ff9142c7000 	/System/Library/PrivateFrameworks/PhoneNumbers.framework/Versions/A/PhoneNumbers
0x00007ff82773f000 	/System/Library/PrivateFrameworks/RemoteServiceDiscovery.framework/Versions/A/RemoteServiceDiscovery
0x00007ff81e9fb000 	/System/Library/PrivateFrameworks/PlugInKit.framework/Versions/A/PlugInKit
0x00007ff827ec8000 	/System/Library/PrivateFrameworks/IntentsFoundation.framework/Versions/A/IntentsFoundation
0x00007ff81e92b000 	/System/Library/PrivateFrameworks/CVNLP.framework/Versions/A/CVNLP
0x00007ff824d32000 	/System/Library/Frameworks/Contacts.framework/Versions/A/Contacts
0x00007ff918675000 	/System/Library/Frameworks/NaturalLanguage.framework/Versions/A/NaturalLanguage
0x00007ff818893000 	/System/Library/PrivateFrameworks/Montreal.framework/Versions/A/Montreal
0x00007ff824b6a000 	/System/Library/PrivateFrameworks/ContactsPersistence.framework/Versions/A/ContactsPersistence
0x00007ff824bdd000 	/System/Library/PrivateFrameworks/AddressBookCore.framework/Versions/A/AddressBookCore
0x00007ff823d90000 	/System/Library/PrivateFrameworks/AppleLDAP.framework/Versions/A/AppleLDAP
0x00007ff827a34000 	/System/Library/Frameworks/ClassKit.framework/Versions/A/ClassKit
0x00007ff829423000 	/System/Library/PrivateFrameworks/CoreSuggestions.framework/Versions/A/CoreSuggestions
0x00007ff824ac6000 	/System/Library/PrivateFrameworks/ContactsFoundation.framework/Versions/A/ContactsFoundation
0x00007ff825e59000 	/System/Library/PrivateFrameworks/vCard.framework/Versions/A/vCard
0x00007ffb13d1a000 	/System/Library/PrivateFrameworks/ContactsMetrics.framework/Versions/A/ContactsMetrics
0x00007ff922044000 	/usr/lib/swift/libswiftCloudKit.dylib
0x00007ff820587000 	/usr/lib/swift/libswiftCore.dylib
0x00007ff91d791000 	/usr/lib/swift/libswiftCoreData.dylib
0x00007ff91892f000 	/usr/lib/swift/libswiftCoreFoundation.dylib
0x00007ff916d86000 	/usr/lib/swift/libswiftCoreGraphics.dylib
0x00007ff91cd88000 	/usr/lib/swift/libswiftCoreLocation.dylib
0x00007ff916d90000 	/usr/lib/swift/libswiftDarwin.dylib
0x00007ff825b6e000 	/usr/lib/swift/libswiftDispatch.dylib
0x00007ff824786000 	/usr/lib/swift/libswiftFoundation.dylib
0x00007ff91893c000 	/usr/lib/swift/libswiftIOKit.dylib
0x00007ff827ead000 	/usr/lib/swift/libswiftObjectiveC.dylib
0x00007ff91893a000 	/usr/lib/swift/libswiftXPC.dylib
0x00007ff827eaf000 	/usr/lib/swift/libswiftos.dylib
0x00007ffb29b17000 	/usr/lib/swift/libswift_Concurrency.dylib
0x00007ff822229000 	/System/Library/Frameworks/Combine.framework/Versions/A/Combine
0x00007ff81abd1000 	/System/Library/PrivateFrameworks/CloudDocs.framework/Versions/A/CloudDocs
0x00007ff827f22000 	/System/Library/Frameworks/QuickLookThumbnailing.framework/Versions/A/QuickLookThumbnailing
0x00007ff82554f000 	/System/Library/Frameworks/FileProvider.framework/Versions/A/FileProvider
0x00007ff827ad8000 	/System/Library/PrivateFrameworks/AppleAccount.framework/Versions/A/AppleAccount
0x00007ff824f53000 	/System/Library/PrivateFrameworks/SymptomDiagnosticReporter.framework/Versions/A/SymptomDiagnosticReporter
0x00007ff82204b000 	/System/Library/PrivateFrameworks/AppContainer.framework/Versions/A/AppContainer
0x00007ff8256c7000 	/System/Library/PrivateFrameworks/GenerationalStorage.framework/Versions/A/GenerationalStorage
0x00007ff8167d6000 	/System/Library/PrivateFrameworks/DesktopServicesPriv.framework/Versions/A/DesktopServicesPriv
0x00007ff820f4d000 	/System/Library/PrivateFrameworks/NetAuth.framework/Versions/A/NetAuth
0x00007ff821e3c000 	/System/Library/PrivateFrameworks/Sharing.framework/Versions/A/Sharing
0x00007ff8272df000 	/System/Library/PrivateFrameworks/Apple80211.framework/Versions/A/Apple80211
0x00007ff81d098000 	/System/Library/Frameworks/CoreWLAN.framework/Versions/A/CoreWLAN
0x00007ff827347000 	/System/Library/PrivateFrameworks/CoreWiFi.framework/Versions/A/CoreWiFi
0x00007ff821b0d000 	/System/Library/PrivateFrameworks/IDS.framework/Versions/A/IDS
0x00007ff827c2f000 	/System/Library/PrivateFrameworks/AppleIDSSOAuthentication.framework/Versions/A/AppleIDSSOAuthentication
0x00007ff820941000 	/System/Library/PrivateFrameworks/IMFoundation.framework/Versions/A/IMFoundation
0x00007ff913aca000 	/System/Library/PrivateFrameworks/Marco.framework/Versions/A/Marco
0x00007ff821c81000 	/System/Library/PrivateFrameworks/IDSFoundation.framework/Versions/A/IDSFoundation
0x00007ff918522000 	/System/Library/PrivateFrameworks/FTServices.framework/Versions/A/FTServices
0x00007ff82b631000 	/System/Library/PrivateFrameworks/Engram.framework/Versions/A/Engram
0x00007ff82b5d8000 	/usr/lib/libtidy.A.dylib
0x00007ff9225b3000 	/System/Library/PrivateFrameworks/FTAWD.framework/Versions/A/FTAWD
0x00007ff822060000 	/System/Library/PrivateFrameworks/SecCodeWrapper.framework/Versions/A/SecCodeWrapper
0x00007ff828af1000 	/System/Library/PrivateFrameworks/ProactiveSupport.framework/Versions/A/ProactiveSupport
0x00007ff81dcac000 	/System/Library/Frameworks/CoreSpotlight.framework/Versions/A/CoreSpotlight
0x00007ff913e16000 	/System/Library/PrivateFrameworks/ProactiveEventTracker.framework/Versions/A/ProactiveEventTracker
0x00007ff82131b000 	/System/Library/PrivateFrameworks/MobileAsset.framework/Versions/A/MobileAsset
0x00007ff827a31000 	/System/Library/PrivateFrameworks/InternationalTextSearch.framework/Versions/A/InternationalTextSearch
0x00007ff827e59000 	/System/Library/PrivateFrameworks/StreamingZip.framework/Versions/A/StreamingZip
0x00007ffb1bad3000 	/System/Library/PrivateFrameworks/Portrait.framework/Versions/A/Portrait
0x00007ffb12f8d000 	/System/Library/PrivateFrameworks/AppleDepth.framework/Versions/A/AppleDepth
0x00007ffb16f56000 	/System/Library/PrivateFrameworks/FusionTracker.framework/Versions/A/FusionTracker
0x00007ff824175000 	/System/Library/PrivateFrameworks/CoreAppleCVA.framework/Versions/A/CoreAppleCVA
0x00007ff815512000 	/System/Library/PrivateFrameworks/CoreServicesInternal.framework/Versions/A/CoreServicesInternal
0x00007ffa2d268000 	/System/Library/Extensions/AGXMetal13_3.bundle/Contents/MacOS/AGXMetal13_3
0x00007ff918922000 	/System/Library/PrivateFrameworks/GPURawCounter.framework/Versions/A/GPURawCounter
0x00007ff913452000 	/System/Library/PrivateFrameworks/IOGPU.framework/Versions/A/IOGPU
0x00000001334ad000 	/System/Library/Frameworks/CoreMediaIO.framework/Versions/A/Resources/CMIOUnits.bundle/Contents/MacOS/CMIOUnits
0x00007ff925058000 	/System/Library/PrivateFrameworks/FWAVC.framework/Versions/A/FWAVC
0x00007ff9179be000 	/System/Library/Frameworks/Carbon.framework/Versions/A/Carbon
0x00007ff82b673000 	/System/Library/Frameworks/Carbon.framework/Versions/A/Frameworks/CommonPanels.framework/Versions/A/CommonPanels
0x00007ff8277b2000 	/System/Library/Frameworks/Carbon.framework/Versions/A/Frameworks/Help.framework/Versions/A/Help
0x00007ff82b677000 	/System/Library/Frameworks/Carbon.framework/Versions/A/Frameworks/ImageCapture.framework/Versions/A/ImageCapture
0x00007ff82b647000 	/System/Library/Frameworks/Carbon.framework/Versions/A/Frameworks/OpenScripting.framework/Versions/A/OpenScripting
0x00007ff82b66f000 	/System/Library/Frameworks/Carbon.framework/Versions/A/Frameworks/Ink.framework/Versions/A/Ink
0x00007ff9179ba000 	/System/Library/Frameworks/Carbon.framework/Versions/A/Frameworks/Print.framework/Versions/A/Print
0x00007ff82b66b000 	/System/Library/Frameworks/Carbon.framework/Versions/A/Frameworks/SecurityHI.framework/Versions/A/SecurityHI
0x00000001336bf000 	/System/Library/Components/AudioCodecs.component/Contents/MacOS/AudioCodecs
0x00007ffa2c756000 	/System/Library/Frameworks/OpenCL.framework/Versions/A/Libraries/libcldcpuengine.dylib
0x0000000139e49000 	/System/Library/Extensions/AppleMetalOpenGLRenderer.bundle/Contents/MacOS/AppleMetalOpenGLRenderer
0x00007ffa2b489000 	/System/Library/Frameworks/OpenGL.framework/Versions/A/Resources/GLRendererFloat.bundle/GLRendererFloat
0x00007ffa2b15c000 	/System/Library/Frameworks/OpenGL.framework/Versions/A/Libraries/libGLProgrammability.dylib
0x000000013a278000 	/Library/Java/JavaVirtualMachines/jdk-16.jdk/Contents/Home/lib/libawt.dylib
0x000000013a3f1000 	/Library/Java/JavaVirtualMachines/jdk-16.jdk/Contents/Home/lib/libmlib_image.dylib
0x00007ffa2fc45000 	/System/Library/Frameworks/JavaNativeFoundation.framework/Versions/A/JavaNativeFoundation
0x00007ffa2fc51000 	/System/Library/Frameworks/JavaRuntimeSupport.framework/Versions/A/JavaRuntimeSupport
0x000000013a543000 	/Library/Java/JavaVirtualMachines/jdk-16.jdk/Contents/Home/lib/libawt_lwawt.dylib
0x0000000139d6e000 	/Library/Java/JavaVirtualMachines/jdk-16.jdk/Contents/Home/lib/libosxapp.dylib
0x00007ff916df7000 	/System/Library/Frameworks/ExceptionHandling.framework/Versions/A/ExceptionHandling
0x000000013a6c5000 	/Library/Java/JavaVirtualMachines/jdk-16.jdk/Contents/Home/lib/libjavajpeg.dylib


VM Arguments:
jvm_args: -XX:TieredStopAtLevel=1 -Xverify:none -Dspring.output.ansi.enabled=always -javaagent:/Applications/IntelliJ IDEA.app/Contents/lib/idea_rt.jar=52635:/Applications/IntelliJ IDEA.app/Contents/bin -Dcom.sun.management.jmxremote -Dspring.jmx.enabled=true -Dspring.liveBeansView.mbeanDomain -Dspring.application.admin.enabled=true -Dfile.encoding=UTF-8 
java_command: com.studygroup.StudyGroupProjectApplication
java_class_path (initial): /Users/ung/IdeaProjects/study_group_project/build/classes/java/main:/Users/ung/IdeaProjects/study_group_project/build/resources/main:/Users/ung/.gradle/caches/modules-2/files-2.1/org.projectlombok/lombok/1.18.20/18bcea7d5df4d49227b4a0743a536208ce4825bb/lombok-1.18.20.jar:/Users/ung/.gradle/caches/modules-2/files-2.1/org.springframework.boot/spring-boot-configuration-processor/2.7.2/12575686ba3820571ea79bfd08d6d27534b97a0e/spring-boot-configuration-processor-2.7.2.jar:/Users/ung/.gradle/caches/modules-2/files-2.1/javax.persistence/javax.persistence-api/2.2/25665ac8c0b62f50e6488173233239120fc52c96/javax.persistence-api-2.2.jar:/Users/ung/.gradle/caches/modules-2/files-2.1/javax.annotation/javax.annotation-api/1.3.2/934c04d3cfef185a8008e7bf34331b79730a9d43/javax.annotation-api-1.3.2.jar:/Users/ung/.gradle/caches/modules-2/files-2.1/com.querydsl/querydsl-apt/5.0.0/3c212d03cc42b5297f62bd22e37b737812245085/querydsl-apt-5.0.0-jpa.jar:/Users/ung/.gradle/caches/modules-2/files-2.1/org.springframework.boot/spring-boot-devtools/2.7.2/a59185396e6654c3fe0181bb4d4a083754c6214d/spring-boot-devtools-2.7.2.jar:/Users/ung/.gradle/caches/modules-2/files-2.1/org.springframework.boot/spring-boot-starter-data-jdbc/2.7.2/1c2f5738d8e54cd74980086c343559c5bc2f133d/spring-boot-starter-data-jdbc-2.7.2.jar:/Users/ung/.gradle/caches/modules-2/files-2.1/org.springframework.boot/spring-boot-starter-data-jpa/2.7.2/11ac3a239c4644dc8e338fafff1fb66557abcf2f/spring-boot-starter-data-jpa-2.7.2.jar:/Users/ung/.gradle/caches/modules-2/files-2.1/org.springframework.boot/spring-boot-starter-jdbc/2.7.2/d99e25fca0a37d6d88bd7561643284bc97555099/spring-boot-starter-jdbc-2.7.2.jar:/Users/ung/.gradle/caches/modules-2/files-2.1/org.springframework.boot/spring-boot-starter-thymeleaf/2.7.2/779a3a47e81fdd72301c6ebec818eb81b9c7709/spring-boot-starter-thymeleaf-2.7.2.jar:/Users/ung/.gradle/caches/modules-2/files-2.1/org.springframework.boot/spring-boot-starter-web-services/2.7.2/9703a2e40fe
Launcher Type: SUN_STANDARD

[Global flags]
     intx CICompilerCount                          = 4                                         {product} {ergonomic}
     uint ConcGCThreads                            = 2                                         {product} {ergonomic}
     uint G1ConcRefinementThreads                  = 8                                         {product} {ergonomic}
   size_t G1HeapRegionSize                         = 1048576                                   {product} {ergonomic}
    uintx GCDrainStackTargetSize                   = 64                                        {product} {ergonomic}
   size_t InitialHeapSize                          = 134217728                                 {product} {ergonomic}
     bool ManagementServer                         = true                                      {product} {command line}
   size_t MarkStackSize                            = 4194304                                   {product} {ergonomic}
   size_t MaxHeapSize                              = 2147483648                                {product} {ergonomic}
   size_t MaxNewSize                               = 1287651328                                {product} {ergonomic}
   size_t MinHeapDeltaBytes                        = 1048576                                   {product} {ergonomic}
   size_t MinHeapSize                              = 8388608                                   {product} {ergonomic}
    uintx NonNMethodCodeHeapSize                   = 7549744                                {pd product} {ergonomic}
    uintx NonProfiledCodeHeapSize                  = 244108496                              {pd product} {ergonomic}
    uintx ProfiledCodeHeapSize                     = 0                                      {pd product} {ergonomic}
    uintx ReservedCodeCacheSize                    = 251658240                              {pd product} {ergonomic}
     bool SegmentedCodeCache                       = true                                      {product} {ergonomic}
   size_t SoftMaxHeapSize                          = 2147483648                             {manageable} {ergonomic}
     intx TieredStopAtLevel                        = 1                                         {product} {command line}
     bool UseCompressedClassPointers               = true                           {product lp64_product} {ergonomic}
     bool UseCompressedOops                        = true                           {product lp64_product} {ergonomic}
     bool UseG1GC                                  = true                                      {product} {ergonomic}
     bool UseNUMA                                  = false                                     {product} {ergonomic}
     bool UseNUMAInterleaving                      = false                                     {product} {ergonomic}

Logging:
Log output configuration:
 #0: stdout all=warning uptime,level,tags
 #1: stderr all=off uptime,level,tags

Environment Variables:
PATH=/opt/homebrew/opt/mysql@5.7/bin:/Users/ung/.rbenv/shims:/Users/ung/.rbenv/shims:/Users/ung/.rbenv/shims:/usr/local/bin:/usr/local/sbin:/opt/homebrew/bin:/opt/homebrew/sbin:/usr/local/bin:/usr/bin:/bin:/usr/sbin:/sbin:/Library/Apple/usr/bin
SHELL=/bin/zsh
LC_CTYPE=en_US.UTF-8

Signal Handlers:
SIGSEGV: [libjvm.dylib+0xa7be40], sa_mask[0]=11100110100111111111111111111111, sa_flags=SA_ONSTACK|SA_RESTART|SA_SIGINFO
SIGBUS: [libjvm.dylib+0xa7be40], sa_mask[0]=11100110100111111111111111111111, sa_flags=SA_RESTART|SA_SIGINFO
SIGFPE: [libjvm.dylib+0xa7be40], sa_mask[0]=11100110100111111111111111111111, sa_flags=SA_RESTART|SA_SIGINFO
SIGPIPE: [libjvm.dylib+0x945d70], sa_mask[0]=11100110100111111111111111111111, sa_flags=SA_RESTART|SA_SIGINFO
SIGXFSZ: [libjvm.dylib+0x945d70], sa_mask[0]=11100110100111111111111111111111, sa_flags=SA_RESTART|SA_SIGINFO
SIGILL: [libjvm.dylib+0xa7be40], sa_mask[0]=11100110100111111111111111111111, sa_flags=SA_RESTART|SA_SIGINFO
SIGUSR2: [libjvm.dylib+0x946820], sa_mask[0]=00100000000000000000000000000000, sa_flags=SA_RESTART|SA_SIGINFO
SIGHUP: [libjvm.dylib+0x944de0], sa_mask[0]=11100110100111111111111111111111, sa_flags=SA_RESTART|SA_SIGINFO
SIGINT: [libjvm.dylib+0x944de0], sa_mask[0]=11100110100111111111111111111111, sa_flags=SA_RESTART|SA_SIGINFO
SIGTERM: [libjvm.dylib+0x944de0], sa_mask[0]=11100110100111111111111111111111, sa_flags=SA_RESTART|SA_SIGINFO
SIGQUIT: [libjvm.dylib+0x944de0], sa_mask[0]=11100110100111111111111111111111, sa_flags=SA_RESTART|SA_SIGINFO
SIGTRAP: [libjvm.dylib+0xa7be40], sa_mask[0]=11100110100111111111111111111111, sa_flags=SA_RESTART|SA_SIGINFO


---------------  S Y S T E M  ---------------

OS:uname: Darwin 21.3.0 Darwin Kernel Version 21.3.0: Wed Jan  5 21:37:58 PST 2022; root:xnu-8019.80.24~20/RELEASE_ARM64_T8101 x86_64
OS uptime: 7 days 5:27 hours
rlimit (soft/hard): STACK 8176k/65520k , CORE 0k/infinity , NPROC 1333/2000 , NOFILE 10240/infinity , AS infinity/infinity , CPU infinity/infinity , DATA infinity/infinity , FSIZE infinity/infinity , MEMLOCK infinity/infinity , RSS infinity/infinity
load average: 2.92 3.18 3.44

CPU: total 8 (initial active 8) (1 cores per cpu, 1 threads per core) family 6 model 44 stepping 0 microcode 0x0, cx8, cmov, fxsr, mmx, sse, sse2, sse3, ssse3, sse4.1, sse4.2, popcnt, tsc, tscinvbit, aes, clmul, clflush

Memory: 4k page, physical 8388608k(38520k free), swap 5242880k(558592k free)

vm_info: Java HotSpot(TM) 64-Bit Server VM (16+36-2231) for bsd-amd64 JRE (16+36-2231), built on Feb  8 2021 11:41:03 by "mach5one" with clang 4.2.1 Compatible Apple LLVM 11.0.0 (clang-1100.0.33.17)

END.
